---
timestamp: "2026-02-10 09:00:43"
story: "1-transcript-polish"
chunk: "unknown"
tool: "Bash"
error: |
  Exit code 1
src/app/api/personas/[id]/query/__tests__/route.test.ts(75,54): error TS2353: Object literal may only specify known properties, and 'id' does not exist in type 'Promise<{ id: string; }>'.
src/app/api/personas/[id]/query/__tests__/route.test.ts(88,54): error TS2353: Object literal may only specify known properties, and 'id' does not exist in type 'Promise<{ id: string; }>'.
src/app/api/personas/[id]/query/__tests__/route.test.ts(108,54): error TS2353: Object literal may only specify known properties, and 'id' does not exist in type 'Promise<{ id: string; }>'.
src/app/api/personas/[id]/query/__tests__/route.test.ts(121,54): error TS2353: Object literal may only specify known properties, and 'id' does not exist in type 'Promise<{ id: string; }>'.
src/app/api/personas/[id]/query/__tests__/route.test.ts(135,37): error TS2353: Object literal may only specify known properties, and 'id' does not exist in type 'Promise<{ id: string; }>'.
src/app/api/personas/[id]/query/__tests__/route.test.ts(146,54): error TS2353: Object literal may only specify known properties, and 'id' does not exist in type 'Promise<{ id: string; }>'.
src/app/api/personas/[id]/query/__tests__/route.test.ts(159,54): error TS2353: Object literal may only specify known properties, and 'id' does not exist in type 'Promise<{ id: string; }>'.
src/app/api/personas/[id]/query/__tests__/route.test.ts(172,54): error TS2353: Object literal may only specify known properties, and 'id' does not exist in type 'Promise<{ id: string; }>'.
src/app/api/personas/[id]/query/__tests__/route.test.ts(185,54): error TS2353: Object literal may only specify known properties, and 'id' does not exist in type 'Promise<{ id: string; }>'.
src/app/api/personas/[id]/query/__tests__/route.test.ts(198,54): error TS2353: Object literal may only specify known properties, and 'id' does not exist in type 'Promise<{ id: string; }>'.
---
timestamp: "2026-02-10 09:59:54"
story: "2-auto-embed"
chunk: "unknown"
tool: "Bash"
error: |
  Exit code 1

[31m‚éØ‚éØ‚éØ‚éØ‚éØ‚éØ‚éØ[39m[1m[41m Failed Tests 1 [49m[22m[31m‚éØ‚éØ‚éØ‚éØ‚éØ‚éØ‚éØ[39m

[41m[1m FAIL [22m[49m src/app/api/videos/__tests__/route.test.ts[2m > [22mPOST /api/videos[2m > [22mtriggers auto-embed when video is created with transcript
[31m[1mAssertionError[22m: expected "vi.fn()" to be called 1 times, but got 0 times[39m
[36m [2m‚ùØ[22m src/app/api/videos/__tests__/route.test.ts:[2m372:23[22m[39m
    [90m370| [39m
    [90m371| [39m    [90m// Verify after() was called with a function[39m
    [90m372| [39m    [34mexpect[39m(mockAfter)[33m.[39m[34mtoHaveBeenCalledTimes[39m([34m1[39m)
    [90m   | [39m                      [31m^[39m
    [90m373| [39m    [34mexpect[39m(mockAfter)[33m.[39m[34mtoHaveBeenCalledWith[39m(expect[33m.[39m[34many[39m([33mFunction[39m))
    [90m374| [39m  })

[31m[2m‚éØ‚éØ‚éØ‚éØ‚éØ‚éØ‚éØ‚éØ‚éØ‚éØ‚éØ‚éØ‚éØ‚éØ‚éØ‚éØ‚éØ‚éØ‚éØ‚éØ‚éØ‚éØ‚éØ‚éØ[1/1]‚éØ[22m[39m



> gold-miner@0.1.0 test
> vitest run src/app/api/videos/__tests__/route.test.ts


[1m[46m RUN [49m[22m [36mv4.0.18 [39m[90m/Users/darindrobinski/dev/repos/gold-miner[39m

 [31m‚ùØ[39m src/app/api/videos/__tests__/route.test.ts [2m([22m[2m21 tests[22m[2m | [22m[31m1 failed[39m[2m)[22m[33m 1369[2mms[22m[39m
     [32m‚úì[39m creates video with publishedAt field[32m 169[2mms[22m[39m
     [32m‚úì[39m creates video without publishedAt field (null)[32m 66[2mms[22m[39m
     [32m‚úì[39m returns publishedAt in video response when querying[32m 75[2mms[22m[39m
     [32m‚úì[39m handles invalid publishedAt format gracefully[32m 46[2mms[22m[39m
     [32m‚úì[39m creates video successfully without publishedAt for backward compatibility[32m 49[2mms[22m[39m
     [32m‚úì[39m creates transcript-type video without youtubeId[32m 51[2mms[22m[39m
     [32m‚úì[39m returns 400 when youtube-type video is missing youtubeId[32m 45[2mms[22m[39m
     [32m‚úì[39m returns 400 when transcript-type video is missing title[32m 44[2mms[22m[39m
     [32m‚úì[39m defaults to youtube sourceType when not provided[32m 49[2mms[22m[39m
     [32m‚úì[39m still checks for duplicate youtubeId on youtube-type videos[32m 55[2mms[22m[39m
     [32m‚úì[39m skips duplicate check for transcript-type videos[32m 60[2mms[22m[39m
     [32m‚úì[39m allows transcript-type video without channel (null)[32m 47[2mms[22m[39m
     [32m‚úì[39m returns 400 when youtube-type video is missing channel[32m 49[2mms[22m[39m
[31m     [31m√ó[31m triggers auto-embed when video is created with transcript[39m[32m 54[2mms[22m[39m
     [32m‚úì[39m does not trigger auto-embed when video has empty transcript[32m 46[2mms[22m[39m
     [32m‚úì[39m returns empty list when no videos exist[32m 76[2mms[22m[39m
     [32m‚úì[39m returns videos with all fields including publishedAt[32m 65[2mms[22m[39m
     [32m‚úì[39m filters videos by focusAreaId when provided[32m 87[2mms[22m[39m
     [32m‚úì[39m returns all videos when no focusAreaId provided[32m 96[2mms[22m[39m
     [32m‚úì[39m returns empty list when focus area has no videos[32m 81[2mms[22m[39m
     [32m‚úì[39m returns 400 for invalid focusAreaId[32m 55[2mms[22m[39m

[2m Test Files [22m [1m[31m1 failed[39m[22m[90m (1)[39m
[2m      Tests [22m [1m[31m1 failed[39m[22m[2m | [22m[1m[32m20 passed[39m[22m[90m (21)[39m
[2m   Start at [22m 09:59:49
[2m   Duration [22m 5.09s[2m (transform 141ms, setup 284ms, import 1.01s, tests 1.37s, environment 1.86s)[22m
---
timestamp: "2026-02-10 10:02:29"
story: "2-auto-embed"
chunk: "unknown"
tool: "Bash"
error: |
  Exit code 1
npm error Missing script: "typecheck"
npm error
npm error To see a list of scripts, run:
npm error   npm run
npm error A complete log of this run can be found in: /Users/darindrobinski/.npm/_logs/2026-02-10T16_02_29_377Z-debug-0.log
---
timestamp: "2026-02-10 10:12:32"
story: "2-auto-embed"
chunk: "unknown"
tool: "Bash"
error: |
  Exit code 1
[90mstderr[2m | src/hooks/__tests__/useEmbedding.test.ts[2m > [22m[2museEmbedding[2m > [22m[2minitial state[2m > [22m[2mstarts in idle state
[22m[39mFailed to check embedding status: TypeError: Cannot read properties of undefined (reading 'ok')
    at checkStatus [90m(/Users/darindrobinski/dev/repos/gold-miner/[39msrc/hooks/useEmbedding.ts:34:22[90m)[39m
[90m    at processTicksAndRejections (node:internal/process/task_queues:105:5)[39m

[90mstderr[2m | src/hooks/__tests__/useEmbedding.test.ts[2m > [22m[2museEmbedding[2m > [22m[2mcheckStatus[2m > [22m[2mhandles check status errors gracefully
[22m[39mFailed to check embedding status: Error: Network error
    at [90m/Users/darindrobinski/dev/repos/gold-miner/[39msrc/hooks/__tests__/useEmbedding.test.ts:62:39
    at [90mfile:///Users/darindrobinski/dev/repos/gold-miner/[39mnode_modules/[4m@vitest/runner[24m/dist/index.js:145:11
    at [90mfile:///Users/darindrobinski/dev/repos/gold-miner/[39mnode_modules/[4m@vitest/runner[24m/dist/index.js:915:26
    at [90mfile:///Users/darindrobinski/dev/repos/gold-miner/[39mnode_modules/[4m@vitest/runner[24m/dist/index.js:1243:20
    at new Promise (<anonymous>)
    at runWithTimeout [90m(file:///Users/darindrobinski/dev/repos/gold-miner/[39mnode_modules/[4m@vitest/runner[24m/dist/index.js:1209:10[90m)[39m
    at [90mfile:///Users/darindrobinski/dev/repos/gold-miner/[39mnode_modules/[4m@vitest/runner[24m/dist/index.js:1653:37
    at Traces.$ [90m(file:///Users/darindrobinski/dev/repos/gold-miner/[39mnode_modules/[4mvitest[24m/dist/chunks/traces.CCmnQaNT.js:142:27[90m)[39m
    at trace [90m(file:///Users/darindrobinski/dev/repos/gold-miner/[39mnode_modules/[4mvitest[24m/dist/chunks/test.B8ej_ZHS.js:239:21[90m)[39m
    at runTest [90m(file:///Users/darindrobinski/dev/repos/gold-miner/[39mnode_modules/[4m@vitest/runner[24m/dist/index.js:1653:12[90m)[39m

[90mstderr[2m | src/hooks/__tests__/useEmbedding.test.ts[2m > [22m[2museEmbedding[2m > [22m[2membed[2m > [22m[2mtransitions through loading state
[22m[39mAn update to TestComponent inside a test was not wrapped in act(...).

When testing, code that causes React state updates should be wrapped into act(...):

act(() => {
  /* fire events that update state */
});
/* assert on the output */

This ensures that you're testing the behavior the user would see in the browser. Learn more at https://react.dev/link/wrap-tests-with-act
An update to TestComponent inside a test was not wrapped in act(...).

When testing, code that causes React state updates should be wrapped into act(...):

act(() => {
  /* fire events that update state */
});
/* assert on the output */

This ensures that you're testing the behavior the user would see in the browser. Learn more at https://react.dev/link/wrap-tests-with-act
An update to TestComponent inside a test was not wrapped in act(...).

When testing, code that causes React state updates should be wrapped into act(...):

act(() => {
  /* fire events that update state */
});
/* assert on the output */

This ensures that you're testing the behavior the user would see in the browser. Learn more at https://react.dev/link/wrap-tests-with-act

[90mstderr[2m | src/hooks/__tests__/useEmbedding.test.ts[2m > [22m[2museEmbedding[2m > [22m[2membed[2m > [22m[2mupdates state to success after successful embedding
[22m[39mAn update to TestComponent inside a test was not wrapped in act(...).

When testing, code that causes React state updates should be wrapped into act(...):

act(() => {
  /* fire events that update state */
});
/* assert on the output */

This ensures that you're testing the behavior the user would see in the browser. Learn more at https://react.dev/link/wrap-tests-with-act
An update to TestComponent inside a test was not wrapped in act(...).

When testing, code that causes React state updates should be wrapped into act(...):

act(() => {
  /* fire events that update state */
});
/* assert on the output */

This ensures that you're testing the behavior the user would see in the browser. Learn more at https://react.dev/link/wrap-tests-with-act
An update to TestComponent inside a test was not wrapped in act(...).

When testing, code that causes React state updates should be wrapped into act(...):

act(() => {
  /* fire events that update state */
});
/* assert on the output */

This ensures that you're testing the behavior the user would see in the browser. Learn more at https://react.dev/link/wrap-tests-with-act

[90mstderr[2m | src/hooks/__tests__/useEmbedding.test.ts[2m > [22m[2museEmbedding[2m > [22m[2membed[2m > [22m[2mhandles embedding errors
[22m[39mAn update to TestComponent inside a test was not wrapped in act(...).

When testing, code that causes React state updates should be wrapped into act(...):

act(() => {
  /* fire events that update state */
});
/* assert on the output */

This ensures that you're testing the behav

... [4420 characters truncated] ...

// Object.is equality

Ignored nodes: comments, script, style
[36m<html>[31m
  [36m<head />[31m
  [36m<body>[31m
    [36m<div />[31m
  [36m</body>[31m
[36m</html>[31m[39m

[32m- Expected[39m
[31m+ Received[39m

[32m- true[39m
[31m+ false[39m

[36m [2m‚ùØ[22m src/hooks/__tests__/useEmbedding.test.ts:[2m360:46[22m[39m
    [90m358| [39m
    [90m359| [39m      [35mawait[39m [34mwaitFor[39m(() [33m=>[39m {
    [90m360| [39m        [34mexpect[39m(result[33m.[39mcurrent[33m.[39mhasEmbeddings)[33m.[39m[34mtoBe[39m([35mtrue[39m)[33m;[39m
    [90m   | [39m                                             [31m^[39m
    [90m361| [39m      })[33m;[39m
    [90m362| [39m
[90m [2m‚ùØ[22m runWithExpensiveErrorDiagnosticsDisabled node_modules/@testing-library/dom/dist/config.js:[2m47:12[22m[39m
[90m [2m‚ùØ[22m checkCallback node_modules/@testing-library/dom/dist/wait-for.js:[2m124:77[22m[39m
[90m [2m‚ùØ[22m Timeout.checkRealTimersCallback node_modules/@testing-library/dom/dist/wait-for.js:[2m118:16[22m[39m

[31m[2m‚éØ‚éØ‚éØ‚éØ‚éØ‚éØ‚éØ‚éØ‚éØ‚éØ‚éØ‚éØ‚éØ‚éØ‚éØ‚éØ‚éØ‚éØ‚éØ‚éØ‚éØ‚éØ‚éØ‚éØ[2/4]‚éØ[22m[39m

[41m[1m FAIL [22m[49m src/hooks/__tests__/useEmbedding.test.ts[2m > [22museEmbedding[2m > [22mreEmbed[2m > [22mhandles re-embed errors
[31m[1mAssertionError[22m: expected false to be true // Object.is equality

Ignored nodes: comments, script, style
[36m<html>[31m
  [36m<head />[31m
  [36m<body>[31m
    [36m<div />[31m
  [36m</body>[31m
[36m</html>[31m[39m

[32m- Expected[39m
[31m+ Received[39m

[32m- true[39m
[31m+ false[39m

[36m [2m‚ùØ[22m src/hooks/__tests__/useEmbedding.test.ts:[2m398:46[22m[39m
    [90m396| [39m
    [90m397| [39m      [35mawait[39m [34mwaitFor[39m(() [33m=>[39m {
    [90m398| [39m        [34mexpect[39m(result[33m.[39mcurrent[33m.[39mhasEmbeddings)[33m.[39m[34mtoBe[39m([35mtrue[39m)[33m;[39m
    [90m   | [39m                                             [31m^[39m
    [90m399| [39m      })[33m;[39m
    [90m400| [39m
[90m [2m‚ùØ[22m runWithExpensiveErrorDiagnosticsDisabled node_modules/@testing-library/dom/dist/config.js:[2m47:12[22m[39m
[90m [2m‚ùØ[22m checkCallback node_modules/@testing-library/dom/dist/wait-for.js:[2m124:77[22m[39m
[90m [2m‚ùØ[22m Timeout.checkRealTimersCallback node_modules/@testing-library/dom/dist/wait-for.js:[2m118:16[22m[39m

[31m[2m‚éØ‚éØ‚éØ‚éØ‚éØ‚éØ‚éØ‚éØ‚éØ‚éØ‚éØ‚éØ‚éØ‚éØ‚éØ‚éØ‚éØ‚éØ‚éØ‚éØ‚éØ‚éØ‚éØ‚éØ[3/4]‚éØ[22m[39m

[41m[1m FAIL [22m[49m src/hooks/__tests__/useEmbedding.test.ts[2m > [22museEmbedding[2m > [22mreEmbed[2m > [22mdoes nothing if already loading
[31m[1mTypeError[22m: result.current.reEmbed is not a function[39m
[36m [2m‚ùØ[22m src/hooks/__tests__/useEmbedding.test.ts:[2m438:22[22m[39m
    [90m436| [39m      })[33m;[39m
    [90m437| [39m
    [90m438| [39m      result[33m.[39mcurrent[33m.[39m[34mreEmbed[39m()[33m;[39m
    [90m   | [39m                     [31m^[39m
    [90m439| [39m
    [90m440| [39m      [35mawait[39m [34mwaitFor[39m(() [33m=>[39m {

[31m[2m‚éØ‚éØ‚éØ‚éØ‚éØ‚éØ‚éØ‚éØ‚éØ‚éØ‚éØ‚éØ‚éØ‚éØ‚éØ‚éØ‚éØ‚éØ‚éØ‚éØ‚éØ‚éØ‚éØ‚éØ[4/4]‚éØ[22m[39m



> gold-miner@0.1.0 test
> vitest run src/hooks/__tests__/useEmbedding.test.ts


[1m[46m RUN [49m[22m [36mv4.0.18 [39m[90m/Users/darindrobinski/dev/repos/gold-miner[39m

 [31m‚ùØ[39m src/hooks/__tests__/useEmbedding.test.ts [2m([22m[2m15 tests[22m[2m | [22m[31m4 failed[39m[2m)[22m[33m 2593[2mms[22m[39m
       [32m‚úì[39m starts in idle state[32m 21[2mms[22m[39m
       [32m‚úì[39m updates hasEmbeddings to true when embeddings exist[32m 55[2mms[22m[39m
       [32m‚úì[39m updates hasEmbeddings to false when no embeddings exist[32m 3[2mms[22m[39m
       [32m‚úì[39m handles check status errors gracefully[32m 5[2mms[22m[39m
       [32m‚úì[39m transitions through loading state[32m 108[2mms[22m[39m
       [32m‚úì[39m updates state to success after successful embedding[32m 55[2mms[22m[39m
       [32m‚úì[39m handles embedding errors[32m 55[2mms[22m[39m
       [32m‚úì[39m handles network errors[32m 55[2mms[22m[39m
       [32m‚úì[39m does nothing if already loading[32m 55[2mms[22m[39m
       [32m‚úì[39m does nothing if already embedded[32m 55[2mms[22m[39m
       [32m‚úì[39m initializes progress with zero values[32m 1[2mms[22m[39m
[31m       [31m√ó[31m calls embed endpoint even when hasEmbeddings is true[39m[32m 54[2mms[22m[39m
[31m       [31m√ó[31m updates state to loading then success when re-embedding[39m[33m 1011[2mms[22m[39m
[31m       [31m√ó[31m handles re-embed errors[39m[33m 1003[2mms[22m[39m
[31m       [31m√ó[31m does nothing if already loading[39m[32m 53[2mms[22m[39m

[2m Test Files [22m [1m[31m1 failed[39m[22m[90m (1)[39m
[2m      Tests [22m [1m[31m4 failed[39m[22m[2m | [22m[1m[32m11 passed[39m[22m[90m (15)[39m
[2m   Start at [22m 10:12:28
[2m   Duration [22m 4.25s[2m (transform 70ms, setup 151ms, import 253ms, tests 2.59s, environment 847ms)[22m
---
timestamp: "2026-02-10 10:13:12"
story: "2-auto-embed"
chunk: "unknown"
tool: "Bash"
error: |
  Exit code 1
[90mstderr[2m | src/hooks/__tests__/useEmbedding.test.ts[2m > [22m[2museEmbedding[2m > [22m[2minitial state[2m > [22m[2mstarts in idle state
[22m[39mFailed to check embedding status: TypeError: Cannot read properties of undefined (reading 'ok')
    at checkStatus [90m(/Users/darindrobinski/dev/repos/gold-miner/[39msrc/hooks/useEmbedding.ts:35:22[90m)[39m
[90m    at processTicksAndRejections (node:internal/process/task_queues:105:5)[39m

[90mstderr[2m | src/hooks/__tests__/useEmbedding.test.ts[2m > [22m[2museEmbedding[2m > [22m[2mcheckStatus[2m > [22m[2mhandles check status errors gracefully
[22m[39mFailed to check embedding status: Error: Network error
    at [90m/Users/darindrobinski/dev/repos/gold-miner/[39msrc/hooks/__tests__/useEmbedding.test.ts:62:39
    at [90mfile:///Users/darindrobinski/dev/repos/gold-miner/[39mnode_modules/[4m@vitest/runner[24m/dist/index.js:145:11
    at [90mfile:///Users/darindrobinski/dev/repos/gold-miner/[39mnode_modules/[4m@vitest/runner[24m/dist/index.js:915:26
    at [90mfile:///Users/darindrobinski/dev/repos/gold-miner/[39mnode_modules/[4m@vitest/runner[24m/dist/index.js:1243:20
    at new Promise (<anonymous>)
    at runWithTimeout [90m(file:///Users/darindrobinski/dev/repos/gold-miner/[39mnode_modules/[4m@vitest/runner[24m/dist/index.js:1209:10[90m)[39m
    at [90mfile:///Users/darindrobinski/dev/repos/gold-miner/[39mnode_modules/[4m@vitest/runner[24m/dist/index.js:1653:37
    at Traces.$ [90m(file:///Users/darindrobinski/dev/repos/gold-miner/[39mnode_modules/[4mvitest[24m/dist/chunks/traces.CCmnQaNT.js:142:27[90m)[39m
    at trace [90m(file:///Users/darindrobinski/dev/repos/gold-miner/[39mnode_modules/[4mvitest[24m/dist/chunks/test.B8ej_ZHS.js:239:21[90m)[39m
    at runTest [90m(file:///Users/darindrobinski/dev/repos/gold-miner/[39mnode_modules/[4m@vitest/runner[24m/dist/index.js:1653:12[90m)[39m

[90mstderr[2m | src/hooks/__tests__/useEmbedding.test.ts[2m > [22m[2museEmbedding[2m > [22m[2membed[2m > [22m[2mtransitions through loading state
[22m[39mAn update to TestComponent inside a test was not wrapped in act(...).

When testing, code that causes React state updates should be wrapped into act(...):

act(() => {
  /* fire events that update state */
});
/* assert on the output */

This ensures that you're testing the behavior the user would see in the browser. Learn more at https://react.dev/link/wrap-tests-with-act
An update to TestComponent inside a test was not wrapped in act(...).

When testing, code that causes React state updates should be wrapped into act(...):

act(() => {
  /* fire events that update state */
});
/* assert on the output */

This ensures that you're testing the behavior the user would see in the browser. Learn more at https://react.dev/link/wrap-tests-with-act
An update to TestComponent inside a test was not wrapped in act(...).

When testing, code that causes React state updates should be wrapped into act(...):

act(() => {
  /* fire events that update state */
});
/* assert on the output */

This ensures that you're testing the behavior the user would see in the browser. Learn more at https://react.dev/link/wrap-tests-with-act

[90mstderr[2m | src/hooks/__tests__/useEmbedding.test.ts[2m > [22m[2museEmbedding[2m > [22m[2membed[2m > [22m[2mupdates state to success after successful embedding
[22m[39mAn update to TestComponent inside a test was not wrapped in act(...).

When testing, code that causes React state updates should be wrapped into act(...):

act(() => {
  /* fire events that update state */
});
/* assert on the output */

This ensures that you're testing the behavior the user would see in the browser. Learn more at https://react.dev/link/wrap-tests-with-act
An update to TestComponent inside a test was not wrapped in act(...).

When testing, code that causes React state updates should be wrapped into act(...):

act(() => {
  /* fire events that update state */
});
/* assert on the output */

This ensures that you're testing the behavior the user would see in the browser. Learn more at https://react.dev/link/wrap-tests-with-act
An update to TestComponent inside a test was not wrapped in act(...).

When testing, code that causes React state updates should be wrapped into act(...):

act(() => {
  /* fire events that update state */
});
/* assert on the output */

This ensures that you're testing the behavior the user would see in the browser. Learn more at https://react.dev/link/wrap-tests-with-act

[90mstderr[2m | src/hooks/__tests__/useEmbedding.test.ts[2m > [22m[2museEmbedding[2m > [22m[2membed[2m > [22m[2mhandles embedding errors
[22m[39mAn update to TestComponent inside a test was not wrapped in act(...).

When testing, code that causes React state updates should be wrapped into act(...):

act(() => {
  /* fire events that update state */
});
/* assert on the output */

This ensures that you're testing the behav

... [8390 characters truncated] ...

rorDiagnosticsDisabled node_modules/@testing-library/dom/dist/config.js:[2m47:12[22m[39m
[90m [2m‚ùØ[22m checkCallback node_modules/@testing-library/dom/dist/wait-for.js:[2m124:77[22m[39m
[90m [2m‚ùØ[22m Timeout.checkRealTimersCallback node_modules/@testing-library/dom/dist/wait-for.js:[2m118:16[22m[39m

[31m[2m‚éØ‚éØ‚éØ‚éØ‚éØ‚éØ‚éØ‚éØ‚éØ‚éØ‚éØ‚éØ‚éØ‚éØ‚éØ‚éØ‚éØ‚éØ‚éØ‚éØ‚éØ‚éØ‚éØ‚éØ[1/3]‚éØ[22m[39m

[41m[1m FAIL [22m[49m src/hooks/__tests__/useEmbedding.test.ts[2m > [22museEmbedding[2m > [22mreEmbed[2m > [22mhandles re-embed errors
[31m[1mAssertionError[22m: expected 'success' to be 'error' // Object.is equality

Ignored nodes: comments, script, style
[36m<html>[31m
  [36m<head />[31m
  [36m<body>[31m
    [36m<div />[31m
  [36m</body>[31m
[36m</html>[31m[39m

Expected: [32m"error"[39m
Received: [31m"success"[39m

[36m [2m‚ùØ[22m src/hooks/__tests__/useEmbedding.test.ts:[2m404:38[22m[39m
    [90m402| [39m
    [90m403| [39m      [35mawait[39m [34mwaitFor[39m(() [33m=>[39m {
    [90m404| [39m        [34mexpect[39m(result[33m.[39mcurrent[33m.[39mstate)[33m.[39m[34mtoBe[39m([32m'error'[39m)[33m;[39m
    [90m   | [39m                                     [31m^[39m
    [90m405| [39m        [34mexpect[39m(result[33m.[39mcurrent[33m.[39merror)[33m.[39m[34mtoBe[39m([32m'Re-embedding failed'[39m)[33m;[39m
    [90m406| [39m      })[33m;[39m
[90m [2m‚ùØ[22m runWithExpensiveErrorDiagnosticsDisabled node_modules/@testing-library/dom/dist/config.js:[2m47:12[22m[39m
[90m [2m‚ùØ[22m checkCallback node_modules/@testing-library/dom/dist/wait-for.js:[2m124:77[22m[39m
[90m [2m‚ùØ[22m Timeout.checkRealTimersCallback node_modules/@testing-library/dom/dist/wait-for.js:[2m118:16[22m[39m

[31m[2m‚éØ‚éØ‚éØ‚éØ‚éØ‚éØ‚éØ‚éØ‚éØ‚éØ‚éØ‚éØ‚éØ‚éØ‚éØ‚éØ‚éØ‚éØ‚éØ‚éØ‚éØ‚éØ‚éØ‚éØ[2/3]‚éØ[22m[39m

[41m[1m FAIL [22m[49m src/hooks/__tests__/useEmbedding.test.ts[2m > [22museEmbedding[2m > [22mreEmbed[2m > [22mdoes nothing if already loading
[31m[1mAssertionError[22m: expected 'error' to be 'loading' // Object.is equality

Ignored nodes: comments, script, style
[36m<html>[31m
  [36m<head />[31m
  [36m<body>[31m
    [36m<div />[31m
  [36m</body>[31m
[36m</html>[31m[39m

Expected: [32m"loading"[39m
Received: [31m"error"[39m

[36m [2m‚ùØ[22m src/hooks/__tests__/useEmbedding.test.ts:[2m441:38[22m[39m
    [90m439| [39m
    [90m440| [39m      [35mawait[39m [34mwaitFor[39m(() [33m=>[39m {
    [90m441| [39m        [34mexpect[39m(result[33m.[39mcurrent[33m.[39mstate)[33m.[39m[34mtoBe[39m([32m'loading'[39m)[33m;[39m
    [90m   | [39m                                     [31m^[39m
    [90m442| [39m      })[33m;[39m
    [90m443| [39m
[90m [2m‚ùØ[22m runWithExpensiveErrorDiagnosticsDisabled node_modules/@testing-library/dom/dist/config.js:[2m47:12[22m[39m
[90m [2m‚ùØ[22m checkCallback node_modules/@testing-library/dom/dist/wait-for.js:[2m124:77[22m[39m
[90m [2m‚ùØ[22m Timeout.checkRealTimersCallback node_modules/@testing-library/dom/dist/wait-for.js:[2m118:16[22m[39m

[31m[2m‚éØ‚éØ‚éØ‚éØ‚éØ‚éØ‚éØ‚éØ‚éØ‚éØ‚éØ‚éØ‚éØ‚éØ‚éØ‚éØ‚éØ‚éØ‚éØ‚éØ‚éØ‚éØ‚éØ‚éØ[3/3]‚éØ[22m[39m



> gold-miner@0.1.0 test
> vitest run src/hooks/__tests__/useEmbedding.test.ts


[1m[46m RUN [49m[22m [36mv4.0.18 [39m[90m/Users/darindrobinski/dev/repos/gold-miner[39m

 [31m‚ùØ[39m src/hooks/__tests__/useEmbedding.test.ts [2m([22m[2m15 tests[22m[2m | [22m[31m3 failed[39m[2m)[22m[33m 3683[2mms[22m[39m
       [32m‚úì[39m starts in idle state[32m 19[2mms[22m[39m
       [32m‚úì[39m updates hasEmbeddings to true when embeddings exist[32m 54[2mms[22m[39m
       [32m‚úì[39m updates hasEmbeddings to false when no embeddings exist[32m 3[2mms[22m[39m
       [32m‚úì[39m handles check status errors gracefully[32m 5[2mms[22m[39m
       [32m‚úì[39m transitions through loading state[32m 107[2mms[22m[39m
       [32m‚úì[39m updates state to success after successful embedding[32m 56[2mms[22m[39m
       [32m‚úì[39m handles embedding errors[32m 89[2mms[22m[39m
       [32m‚úì[39m handles network errors[32m 57[2mms[22m[39m
       [32m‚úì[39m does nothing if already loading[32m 55[2mms[22m[39m
       [32m‚úì[39m does nothing if already embedded[32m 53[2mms[22m[39m
       [32m‚úì[39m initializes progress with zero values[32m 1[2mms[22m[39m
       [32m‚úì[39m calls embed endpoint even when hasEmbeddings is true[32m 55[2mms[22m[39m
[31m       [31m√ó[31m updates state to loading then success when re-embedding[39m[33m 1013[2mms[22m[39m
[31m       [31m√ó[31m handles re-embed errors[39m[33m 1056[2mms[22m[39m
[31m       [31m√ó[31m does nothing if already loading[39m[33m 1056[2mms[22m[39m

[2m Test Files [22m [1m[31m1 failed[39m[22m[90m (1)[39m
[2m      Tests [22m [1m[31m3 failed[39m[22m[2m | [22m[1m[32m12 passed[39m[22m[90m (15)[39m
[2m   Start at [22m 10:13:06
[2m   Duration [22m 5.11s[2m (transform 65ms, setup 133ms, import 201ms, tests 3.68s, environment 761ms)[22m
---
timestamp: "2026-02-10 10:13:44"
story: "2-auto-embed"
chunk: "unknown"
tool: "Bash"
error: |
  Exit code 1
[90mstderr[2m | src/hooks/__tests__/useEmbedding.test.ts[2m > [22m[2museEmbedding[2m > [22m[2minitial state[2m > [22m[2mstarts in idle state
[22m[39mFailed to check embedding status: TypeError: Cannot read properties of undefined (reading 'ok')
    at checkStatus [90m(/Users/darindrobinski/dev/repos/gold-miner/[39msrc/hooks/useEmbedding.ts:35:22[90m)[39m
[90m    at processTicksAndRejections (node:internal/process/task_queues:105:5)[39m

[90mstderr[2m | src/hooks/__tests__/useEmbedding.test.ts[2m > [22m[2museEmbedding[2m > [22m[2mcheckStatus[2m > [22m[2mhandles check status errors gracefully
[22m[39mFailed to check embedding status: Error: Network error
    at [90m/Users/darindrobinski/dev/repos/gold-miner/[39msrc/hooks/__tests__/useEmbedding.test.ts:62:39
    at [90mfile:///Users/darindrobinski/dev/repos/gold-miner/[39mnode_modules/[4m@vitest/runner[24m/dist/index.js:145:11
    at [90mfile:///Users/darindrobinski/dev/repos/gold-miner/[39mnode_modules/[4m@vitest/runner[24m/dist/index.js:915:26
    at [90mfile:///Users/darindrobinski/dev/repos/gold-miner/[39mnode_modules/[4m@vitest/runner[24m/dist/index.js:1243:20
    at new Promise (<anonymous>)
    at runWithTimeout [90m(file:///Users/darindrobinski/dev/repos/gold-miner/[39mnode_modules/[4m@vitest/runner[24m/dist/index.js:1209:10[90m)[39m
    at [90mfile:///Users/darindrobinski/dev/repos/gold-miner/[39mnode_modules/[4m@vitest/runner[24m/dist/index.js:1653:37
    at Traces.$ [90m(file:///Users/darindrobinski/dev/repos/gold-miner/[39mnode_modules/[4mvitest[24m/dist/chunks/traces.CCmnQaNT.js:142:27[90m)[39m
    at trace [90m(file:///Users/darindrobinski/dev/repos/gold-miner/[39mnode_modules/[4mvitest[24m/dist/chunks/test.B8ej_ZHS.js:239:21[90m)[39m
    at runTest [90m(file:///Users/darindrobinski/dev/repos/gold-miner/[39mnode_modules/[4m@vitest/runner[24m/dist/index.js:1653:12[90m)[39m

[90mstderr[2m | src/hooks/__tests__/useEmbedding.test.ts[2m > [22m[2museEmbedding[2m > [22m[2membed[2m > [22m[2mtransitions through loading state
[22m[39mAn update to TestComponent inside a test was not wrapped in act(...).

When testing, code that causes React state updates should be wrapped into act(...):

act(() => {
  /* fire events that update state */
});
/* assert on the output */

This ensures that you're testing the behavior the user would see in the browser. Learn more at https://react.dev/link/wrap-tests-with-act
An update to TestComponent inside a test was not wrapped in act(...).

When testing, code that causes React state updates should be wrapped into act(...):

act(() => {
  /* fire events that update state */
});
/* assert on the output */

This ensures that you're testing the behavior the user would see in the browser. Learn more at https://react.dev/link/wrap-tests-with-act
An update to TestComponent inside a test was not wrapped in act(...).

When testing, code that causes React state updates should be wrapped into act(...):

act(() => {
  /* fire events that update state */
});
/* assert on the output */

This ensures that you're testing the behavior the user would see in the browser. Learn more at https://react.dev/link/wrap-tests-with-act

[90mstderr[2m | src/hooks/__tests__/useEmbedding.test.ts[2m > [22m[2museEmbedding[2m > [22m[2membed[2m > [22m[2mupdates state to success after successful embedding
[22m[39mAn update to TestComponent inside a test was not wrapped in act(...).

When testing, code that causes React state updates should be wrapped into act(...):

act(() => {
  /* fire events that update state */
});
/* assert on the output */

This ensures that you're testing the behavior the user would see in the browser. Learn more at https://react.dev/link/wrap-tests-with-act
An update to TestComponent inside a test was not wrapped in act(...).

When testing, code that causes React state updates should be wrapped into act(...):

act(() => {
  /* fire events that update state */
});
/* assert on the output */

This ensures that you're testing the behavior the user would see in the browser. Learn more at https://react.dev/link/wrap-tests-with-act
An update to TestComponent inside a test was not wrapped in act(...).

When testing, code that causes React state updates should be wrapped into act(...):

act(() => {
  /* fire events that update state */
});
/* assert on the output */

This ensures that you're testing the behavior the user would see in the browser. Learn more at https://react.dev/link/wrap-tests-with-act

[90mstderr[2m | src/hooks/__tests__/useEmbedding.test.ts[2m > [22m[2museEmbedding[2m > [22m[2membed[2m > [22m[2mhandles embedding errors
[22m[39mAn update to TestComponent inside a test was not wrapped in act(...).

When testing, code that causes React state updates should be wrapped into act(...):

act(() => {
  /* fire events that update state */
});
/* assert on the output */

This ensures that you're testing the behav

... [7243 characters truncated] ...

ary/dom/dist/wait-for.js:[2m124:77[22m[39m
[90m [2m‚ùØ[22m Timeout.checkRealTimersCallback node_modules/@testing-library/dom/dist/wait-for.js:[2m118:16[22m[39m

[31m[2m‚éØ‚éØ‚éØ‚éØ‚éØ‚éØ‚éØ‚éØ‚éØ‚éØ‚éØ‚éØ‚éØ‚éØ‚éØ‚éØ‚éØ‚éØ‚éØ‚éØ‚éØ‚éØ‚éØ‚éØ[1/3]‚éØ[22m[39m

[41m[1m FAIL [22m[49m src/hooks/__tests__/useEmbedding.test.ts[2m > [22museEmbedding[2m > [22mreEmbed[2m > [22mhandles re-embed errors
[31m[1mAssertionError[22m: expected 'Failed to generate embeddings' to be 'Re-embedding failed' // Object.is equality

Ignored nodes: comments, script, style
[36m<html>[31m
  [36m<head />[31m
  [36m<body>[31m
    [36m<div />[31m
  [36m</body>[31m
[36m</html>[31m[39m

Expected: [32m"[7mRe-[27membedding[7m failed[27m"[39m
Received: [31m"[7mFailed to generate [27membedding[7ms[27m"[39m

[36m [2m‚ùØ[22m src/hooks/__tests__/useEmbedding.test.ts:[2m409:38[22m[39m
    [90m407| [39m      [35mawait[39m [34mwaitFor[39m(() [33m=>[39m {
    [90m408| [39m        [34mexpect[39m(result[33m.[39mcurrent[33m.[39mstate)[33m.[39m[34mtoBe[39m([32m'error'[39m)[33m;[39m
    [90m409| [39m        [34mexpect[39m(result[33m.[39mcurrent[33m.[39merror)[33m.[39m[34mtoBe[39m([32m'Re-embedding failed'[39m)[33m;[39m
    [90m   | [39m                                     [31m^[39m
    [90m410| [39m      })[33m;[39m
    [90m411| [39m    })[33m;[39m
[90m [2m‚ùØ[22m runWithExpensiveErrorDiagnosticsDisabled node_modules/@testing-library/dom/dist/config.js:[2m47:12[22m[39m
[90m [2m‚ùØ[22m checkCallback node_modules/@testing-library/dom/dist/wait-for.js:[2m124:77[22m[39m
[90m [2m‚ùØ[22m Timeout.checkRealTimersCallback node_modules/@testing-library/dom/dist/wait-for.js:[2m118:16[22m[39m

[31m[2m‚éØ‚éØ‚éØ‚éØ‚éØ‚éØ‚éØ‚éØ‚éØ‚éØ‚éØ‚éØ‚éØ‚éØ‚éØ‚éØ‚éØ‚éØ‚éØ‚éØ‚éØ‚éØ‚éØ‚éØ[2/3]‚éØ[22m[39m

[41m[1m FAIL [22m[49m src/hooks/__tests__/useEmbedding.test.ts[2m > [22museEmbedding[2m > [22mreEmbed[2m > [22mdoes nothing if already loading
[31m[1mAssertionError[22m: expected false to be true // Object.is equality

Ignored nodes: comments, script, style
[36m<html>[31m
  [36m<head />[31m
  [36m<body>[31m
    [36m<div />[31m
  [36m</body>[31m
[36m</html>[31m[39m

[32m- Expected[39m
[31m+ Received[39m

[32m- true[39m
[31m+ false[39m

[36m [2m‚ùØ[22m src/hooks/__tests__/useEmbedding.test.ts:[2m426:46[22m[39m
    [90m424| [39m
    [90m425| [39m      [35mawait[39m [34mwaitFor[39m(() [33m=>[39m {
    [90m426| [39m        [34mexpect[39m(result[33m.[39mcurrent[33m.[39mhasEmbeddings)[33m.[39m[34mtoBe[39m([35mtrue[39m)[33m;[39m
    [90m   | [39m                                             [31m^[39m
    [90m427| [39m      })[33m;[39m
    [90m428| [39m
[90m [2m‚ùØ[22m runWithExpensiveErrorDiagnosticsDisabled node_modules/@testing-library/dom/dist/config.js:[2m47:12[22m[39m
[90m [2m‚ùØ[22m checkCallback node_modules/@testing-library/dom/dist/wait-for.js:[2m124:77[22m[39m
[90m [2m‚ùØ[22m Timeout.checkRealTimersCallback node_modules/@testing-library/dom/dist/wait-for.js:[2m118:16[22m[39m

[31m[2m‚éØ‚éØ‚éØ‚éØ‚éØ‚éØ‚éØ‚éØ‚éØ‚éØ‚éØ‚éØ‚éØ‚éØ‚éØ‚éØ‚éØ‚éØ‚éØ‚éØ‚éØ‚éØ‚éØ‚éØ[3/3]‚éØ[22m[39m



> gold-miner@0.1.0 test
> vitest run src/hooks/__tests__/useEmbedding.test.ts


[1m[46m RUN [49m[22m [36mv4.0.18 [39m[90m/Users/darindrobinski/dev/repos/gold-miner[39m

 [31m‚ùØ[39m src/hooks/__tests__/useEmbedding.test.ts [2m([22m[2m15 tests[22m[2m | [22m[31m3 failed[39m[2m)[22m[33m 3597[2mms[22m[39m
       [32m‚úì[39m starts in idle state[32m 21[2mms[22m[39m
       [32m‚úì[39m updates hasEmbeddings to true when embeddings exist[32m 55[2mms[22m[39m
       [32m‚úì[39m updates hasEmbeddings to false when no embeddings exist[32m 3[2mms[22m[39m
       [32m‚úì[39m handles check status errors gracefully[32m 5[2mms[22m[39m
       [32m‚úì[39m transitions through loading state[32m 107[2mms[22m[39m
       [32m‚úì[39m updates state to success after successful embedding[32m 56[2mms[22m[39m
       [32m‚úì[39m handles embedding errors[32m 56[2mms[22m[39m
       [32m‚úì[39m handles network errors[32m 55[2mms[22m[39m
       [32m‚úì[39m does nothing if already loading[32m 54[2mms[22m[39m
       [32m‚úì[39m does nothing if already embedded[32m 54[2mms[22m[39m
       [32m‚úì[39m initializes progress with zero values[32m 1[2mms[22m[39m
       [32m‚úì[39m calls embed endpoint even when hasEmbeddings is true[32m 55[2mms[22m[39m
[31m       [31m√ó[31m updates state to loading then success when re-embedding[39m[33m 1013[2mms[22m[39m
[31m       [31m√ó[31m handles re-embed errors[39m[33m 1056[2mms[22m[39m
[31m       [31m√ó[31m does nothing if already loading[39m[33m 1004[2mms[22m[39m

[2m Test Files [22m [1m[31m1 failed[39m[22m[90m (1)[39m
[2m      Tests [22m [1m[31m3 failed[39m[22m[2m | [22m[1m[32m12 passed[39m[22m[90m (15)[39m
[2m   Start at [22m 10:13:39
[2m   Duration [22m 5.21s[2m (transform 77ms, setup 165ms, import 246ms, tests 3.60s, environment 848ms)[22m
---
timestamp: "2026-02-10 10:24:24"
story: "2-auto-embed"
chunk: "unknown"
tool: "Bash"
error: |
  Exit code 1

[31m‚éØ‚éØ‚éØ‚éØ‚éØ‚éØ‚éØ[39m[1m[41m Failed Tests 1 [49m[22m[31m‚éØ‚éØ‚éØ‚éØ‚éØ‚éØ‚éØ[39m

[41m[1m FAIL [22m[49m src/app/api/videos/__tests__/route.test.ts[2m > [22mPOST /api/videos[2m > [22mdoes not trigger auto-embed when video created without transcript
[31m[1mAssertionError[22m: expected 400 to be 201 // Object.is equality[39m

[32m- Expected[39m
[31m+ Received[39m

[32m- 201[39m
[31m+ 400[39m

[36m [2m‚ùØ[22m src/app/api/videos/__tests__/route.test.ts:[2m413:29[22m[39m
    [90m411| [39m    [35mconst[39m data [33m=[39m [35mawait[39m response[33m.[39m[34mjson[39m()
    [90m412| [39m
    [90m413| [39m    [34mexpect[39m(response[33m.[39mstatus)[33m.[39m[34mtoBe[39m([34m201[39m)
    [90m   | [39m                            [31m^[39m
    [90m414| [39m    [34mexpect[39m(data[33m.[39mvideo)[33m.[39m[34mtoBeDefined[39m()
    [90m415| [39m

[31m[2m‚éØ‚éØ‚éØ‚éØ‚éØ‚éØ‚éØ‚éØ‚éØ‚éØ‚éØ‚éØ‚éØ‚éØ‚éØ‚éØ‚éØ‚éØ‚éØ‚éØ‚éØ‚éØ‚éØ‚éØ[1/1]‚éØ[22m[39m



> gold-miner@0.1.0 test
> vitest run src/app/api/videos/__tests__/route.test.ts


[1m[46m RUN [49m[22m [36mv4.0.18 [39m[90m/Users/darindrobinski/dev/repos/gold-miner[39m

 [31m‚ùØ[39m src/app/api/videos/__tests__/route.test.ts [2m([22m[2m22 tests[22m[2m | [22m[31m1 failed[39m[2m)[22m[33m 1108[2mms[22m[39m
     [32m‚úì[39m creates video with publishedAt field[32m 97[2mms[22m[39m
     [32m‚úì[39m creates video without publishedAt field (null)[32m 47[2mms[22m[39m
     [32m‚úì[39m returns publishedAt in video response when querying[32m 51[2mms[22m[39m
     [32m‚úì[39m handles invalid publishedAt format gracefully[32m 40[2mms[22m[39m
     [32m‚úì[39m creates video successfully without publishedAt for backward compatibility[32m 44[2mms[22m[39m
     [32m‚úì[39m creates transcript-type video without youtubeId[32m 47[2mms[22m[39m
     [32m‚úì[39m returns 400 when youtube-type video is missing youtubeId[32m 44[2mms[22m[39m
     [32m‚úì[39m returns 400 when transcript-type video is missing title[32m 41[2mms[22m[39m
     [32m‚úì[39m defaults to youtube sourceType when not provided[32m 42[2mms[22m[39m
     [32m‚úì[39m still checks for duplicate youtubeId on youtube-type videos[32m 42[2mms[22m[39m
     [32m‚úì[39m skips duplicate check for transcript-type videos[32m 45[2mms[22m[39m
     [32m‚úì[39m allows transcript-type video without channel (null)[32m 42[2mms[22m[39m
     [32m‚úì[39m returns 400 when youtube-type video is missing channel[32m 42[2mms[22m[39m
     [32m‚úì[39m triggers auto-embed when video is created with transcript[32m 46[2mms[22m[39m
     [32m‚úì[39m does not trigger auto-embed when video has empty transcript[32m 42[2mms[22m[39m
[31m     [31m√ó[31m does not trigger auto-embed when video created without transcript[39m[32m 47[2mms[22m[39m
     [32m‚úì[39m returns empty list when no videos exist[32m 60[2mms[22m[39m
     [32m‚úì[39m returns videos with all fields including publishedAt[32m 56[2mms[22m[39m
     [32m‚úì[39m filters videos by focusAreaId when provided[32m 63[2mms[22m[39m
     [32m‚úì[39m returns all videos when no focusAreaId provided[32m 63[2mms[22m[39m
     [32m‚úì[39m returns empty list when focus area has no videos[32m 59[2mms[22m[39m
     [32m‚úì[39m returns 400 for invalid focusAreaId[32m 46[2mms[22m[39m

[2m Test Files [22m [1m[31m1 failed[39m[22m[90m (1)[39m
[2m      Tests [22m [1m[31m1 failed[39m[22m[2m | [22m[1m[32m21 passed[39m[22m[90m (22)[39m
[2m   Start at [22m 10:24:19
[2m   Duration [22m 4.15s[2m (transform 184ms, setup 213ms, import 928ms, tests 1.11s, environment 1.42s)[22m
---
timestamp: "2026-02-10 10:27:42"
story: "2-auto-embed"
chunk: "unknown"
tool: "Bash"
error: |
  Exit code 1

[31m‚éØ‚éØ‚éØ‚éØ‚éØ‚éØ‚éØ[39m[1m[41m Failed Tests 1 [49m[22m[31m‚éØ‚éØ‚éØ‚éØ‚éØ‚éØ‚éØ[39m

[41m[1m FAIL [22m[49m src/app/api/videos/[id]/embed/__tests__/route.test.ts[2m > [22mPOST /api/videos/[id]/embed (Postgres)[2m > [22mreturns existing chunk count if already embedded
[31m[1mAssertionError[22m: expected { success: true, ‚Ä¶(4) } to deeply equal { success: true, ‚Ä¶(2) }[39m

[32m- Expected[39m
[31m+ Received[39m

[2m  {[22m
[32m-   "alreadyEmbedded": true,[39m
[31m+   "alreadyEmbedded": false,[39m
[2m    "chunkCount": 2,[22m
[31m+   "durationMs": 500,[39m
[31m+   "relationshipsCreated": 3,[39m
[2m    "success": true,[22m
[2m  }[22m

[36m [2m‚ùØ[22m src/app/api/videos/[id]/embed/__tests__/route.test.ts:[2m181:18[22m[39m
    [90m179| [39m
    [90m180| [39m    [34mexpect[39m(response[33m.[39mstatus)[33m.[39m[34mtoBe[39m([34m200[39m)[33m;[39m
    [90m181| [39m    [34mexpect[39m(data)[33m.[39m[34mtoEqual[39m({
    [90m   | [39m                 [31m^[39m
    [90m182| [39m      success[33m:[39m [35mtrue[39m[33m,[39m
    [90m183| [39m      alreadyEmbedded[33m:[39m [35mtrue[39m[33m,[39m

[31m[2m‚éØ‚éØ‚éØ‚éØ‚éØ‚éØ‚éØ‚éØ‚éØ‚éØ‚éØ‚éØ‚éØ‚éØ‚éØ‚éØ‚éØ‚éØ‚éØ‚éØ‚éØ‚éØ‚éØ‚éØ[1/1]‚éØ[22m[39m



> gold-miner@0.1.0 test
> vitest run src/app/api/videos/[id]/embed/__tests__/route.test.ts


[1m[46m RUN [49m[22m [36mv4.0.18 [39m[90m/Users/darindrobinski/dev/repos/gold-miner[39m

 [31m‚ùØ[39m src/app/api/videos/[id]/embed/__tests__/route.test.ts [2m([22m[2m6 tests[22m[2m | [22m[31m1 failed[39m[2m)[22m[33m 481[2mms[22m[39m
     [32m‚úì[39m returns 404 if video not found[32m 122[2mms[22m[39m
     [32m‚úì[39m returns 400 if video has no transcript[32m 72[2mms[22m[39m
[31m     [31m√ó[31m returns existing chunk count if already embedded[39m[32m 82[2mms[22m[39m
     [32m‚úì[39m generates embeddings for new video[32m 70[2mms[22m[39m
     [32m‚úì[39m returns correct response structure on success[32m 65[2mms[22m[39m
     [32m‚úì[39m includes relationshipsCreated in response when embedding new video[32m 69[2mms[22m[39m

[2m Test Files [22m [1m[31m1 failed[39m[22m[90m (1)[39m
[2m      Tests [22m [1m[31m1 failed[39m[22m[2m | [22m[1m[32m5 passed[39m[22m[90m (6)[39m
[2m   Start at [22m 10:27:39
[2m   Duration [22m 2.34s[2m (transform 128ms, setup 113ms, import 646ms, tests 481ms, environment 856ms)[22m
---
timestamp: "2026-02-10 10:36:27"
story: "3-discovery-channel-filter"
chunk: "unknown"
tool: "Bash"
error: |
  Exit code 1

[31m‚éØ‚éØ‚éØ‚éØ‚éØ‚éØ[39m[1m[41m Failed Suites 1 [49m[22m[31m‚éØ‚éØ‚éØ‚éØ‚éØ‚éØ‚éØ[39m

[41m[1m FAIL [22m[49m src/components/discovery/__tests__/ChannelFilterDropdown.test.tsx[2m [ src/components/discovery/__tests__/ChannelFilterDropdown.test.tsx ][22m
[31m[1mError[22m: Failed to resolve import "../ChannelFilterDropdown" from "src/components/discovery/__tests__/ChannelFilterDropdown.test.tsx". Does the file exist?[39m
  Plugin: [35mvite:import-analysis[39m
  File: [36m/Users/darindrobinski/dev/repos/gold-miner/src/components/discovery/__tests__/ChannelFilterDropdown.test.tsx[39m:4:38
[33m  3  |  import { render, screen } from "@testing-library/react";
  4  |  import userEvent from "@testing-library/user-event";
  5  |  import { ChannelFilterDropdown } from "../ChannelFilterDropdown";
     |                                         ^
  6  |  const mockChannels = [
  7  |    {[39m
[90m [2m‚ùØ[22m TransformPluginContext._formatLog node_modules/vite/dist/node/chunks/config.js:[2m28999:43[22m[39m
[90m [2m‚ùØ[22m TransformPluginContext.error node_modules/vite/dist/node/chunks/config.js:[2m28996:14[22m[39m
[90m [2m‚ùØ[22m normalizeUrl node_modules/vite/dist/node/chunks/config.js:[2m27119:18[22m[39m
[90m [2m‚ùØ[22m node_modules/vite/dist/node/chunks/config.js:[2m27177:32[22m[39m
[90m [2m‚ùØ[22m TransformPluginContext.transform node_modules/vite/dist/node/chunks/config.js:[2m27145:4[22m[39m
[90m [2m‚ùØ[22m EnvironmentPluginContainer.transform node_modules/vite/dist/node/chunks/config.js:[2m28797:14[22m[39m
[90m [2m‚ùØ[22m loadAndTransform node_modules/vite/dist/node/chunks/config.js:[2m22670:26[22m[39m

[31m[2m‚éØ‚éØ‚éØ‚éØ‚éØ‚éØ‚éØ‚éØ‚éØ‚éØ‚éØ‚éØ‚éØ‚éØ‚éØ‚éØ‚éØ‚éØ‚éØ‚éØ‚éØ‚éØ‚éØ‚éØ[1/1]‚éØ[22m[39m



> gold-miner@0.1.0 test
> vitest run src/components/discovery/__tests__/ChannelFilterDropdown.test.tsx


[1m[46m RUN [49m[22m [36mv4.0.18 [39m[90m/Users/darindrobinski/dev/repos/gold-miner[39m

 [31m‚ùØ[39m src/components/discovery/__tests__/ChannelFilterDropdown.test.tsx [2m([22m[2m0 test[22m[2m)[22m

[2m Test Files [22m [1m[31m1 failed[39m[22m[90m (1)[39m
[2m      Tests [22m [2mno tests[22m
[2m   Start at [22m 10:36:25
[2m   Duration [22m 1.38s[2m (transform 31ms, setup 133ms, import 0ms, tests 0ms, environment 824ms)[22m
---
timestamp: "2026-02-10 10:45:09"
story: "3-discovery-channel-filter"
chunk: "unknown"
tool: "Bash"
error: |
  Exit code 1
npm error Missing script: "typecheck"
npm error
npm error To see a list of scripts, run:
npm error   npm run
npm error A complete log of this run can be found in: /Users/darindrobinski/.npm/_logs/2026-02-10T16_45_08_968Z-debug-0.log
---
timestamp: "2026-02-10 13:26:53"
story: "5-type-filter"
chunk: "unknown"
tool: "Bash"
error: |
  Exit code 1

[31m‚éØ‚éØ‚éØ‚éØ‚éØ‚éØ[39m[1m[41m Failed Suites 1 [49m[22m[31m‚éØ‚éØ‚éØ‚éØ‚éØ‚éØ‚éØ[39m

[41m[1m FAIL [22m[49m src/components/discovery/__tests__/ContentTypeFilter.test.tsx[2m [ src/components/discovery/__tests__/ContentTypeFilter.test.tsx ][22m
[31m[1mError[22m: Failed to resolve import "../ContentTypeFilter" from "src/components/discovery/__tests__/ContentTypeFilter.test.tsx". Does the file exist?[39m
  Plugin: [35mvite:import-analysis[39m
  File: [36m/Users/darindrobinski/dev/repos/gold-miner/src/components/discovery/__tests__/ContentTypeFilter.test.tsx[39m:4:34
[33m  3  |  import { render, screen } from "@testing-library/react";
  4  |  import userEvent from "@testing-library/user-event";
  5  |  import { ContentTypeFilter } from "../ContentTypeFilter";
     |                                     ^
  6  |  describe("ContentTypeFilter", () => {
  7  |    it('renders with "All" trigger text when selected is "all"', () => {[39m
[90m [2m‚ùØ[22m TransformPluginContext._formatLog node_modules/vite/dist/node/chunks/config.js:[2m28999:43[22m[39m
[90m [2m‚ùØ[22m TransformPluginContext.error node_modules/vite/dist/node/chunks/config.js:[2m28996:14[22m[39m
[90m [2m‚ùØ[22m normalizeUrl node_modules/vite/dist/node/chunks/config.js:[2m27119:18[22m[39m
[90m [2m‚ùØ[22m node_modules/vite/dist/node/chunks/config.js:[2m27177:32[22m[39m
[90m [2m‚ùØ[22m TransformPluginContext.transform node_modules/vite/dist/node/chunks/config.js:[2m27145:4[22m[39m
[90m [2m‚ùØ[22m EnvironmentPluginContainer.transform node_modules/vite/dist/node/chunks/config.js:[2m28797:14[22m[39m
[90m [2m‚ùØ[22m loadAndTransform node_modules/vite/dist/node/chunks/config.js:[2m22670:26[22m[39m

[31m[2m‚éØ‚éØ‚éØ‚éØ‚éØ‚éØ‚éØ‚éØ‚éØ‚éØ‚éØ‚éØ‚éØ‚éØ‚éØ‚éØ‚éØ‚éØ‚éØ‚éØ‚éØ‚éØ‚éØ‚éØ[1/1]‚éØ[22m[39m



> gold-miner@0.1.0 test
> vitest run ContentTypeFilter.test.tsx


[1m[46m RUN [49m[22m [36mv4.0.18 [39m[90m/Users/darindrobinski/dev/repos/gold-miner[39m

 [31m‚ùØ[39m src/components/discovery/__tests__/ContentTypeFilter.test.tsx [2m([22m[2m0 test[22m[2m)[22m

[2m Test Files [22m [1m[31m1 failed[39m[22m[90m (1)[39m
[2m      Tests [22m [2mno tests[22m
[2m   Start at [22m 13:26:48
[2m   Duration [22m 4.81s[2m (transform 75ms, setup 552ms, import 0ms, tests 0ms, environment 3.61s)[22m
---
timestamp: "2026-02-10 13:27:20"
story: "5-type-filter"
chunk: "unknown"
tool: "Bash"
error: |
  Exit code 1
npm error Missing script: "typecheck"
npm error
npm error To see a list of scripts, run:
npm error   npm run
npm error A complete log of this run can be found in: /Users/darindrobinski/.npm/_logs/2026-02-10T19_27_19_727Z-debug-0.log
---
timestamp: "2026-02-10 13:28:43"
story: "5-type-filter"
chunk: "unknown"
tool: "Bash"
error: |
  Exit code 1
npm error Missing script: "typecheck"
npm error
npm error To see a list of scripts, run:
npm error   npm run
npm error A complete log of this run can be found in: /Users/darindrobinski/.npm/_logs/2026-02-10T19_28_43_689Z-debug-0.log
---
timestamp: "2026-02-10 13:29:10"
story: "5-type-filter"
chunk: "unknown"
tool: "Bash"
error: |
  Exit code 2
src/components/discovery/ContentTypeFilter.tsx(9,8): error TS2307: Cannot find module '@/components/ui/dropdown-menu' or its corresponding type declarations.
src/components/discovery/ContentTypeFilter.tsx(32,5): error TS17004: Cannot use JSX unless the '--jsx' flag is provided.
src/components/discovery/ContentTypeFilter.tsx(33,7): error TS17004: Cannot use JSX unless the '--jsx' flag is provided.
src/components/discovery/ContentTypeFilter.tsx(35,9): error TS17004: Cannot use JSX unless the '--jsx' flag is provided.
src/components/discovery/ContentTypeFilter.tsx(37,7): error TS17004: Cannot use JSX unless the '--jsx' flag is provided.
src/components/discovery/ContentTypeFilter.tsx(38,9): error TS17004: Cannot use JSX unless the '--jsx' flag is provided.
src/components/discovery/ContentTypeFilter.tsx(39,9): error TS17004: Cannot use JSX unless the '--jsx' flag is provided.
src/components/discovery/ContentTypeFilter.tsx(40,9): error TS17004: Cannot use JSX unless the '--jsx' flag is provided.
---
timestamp: "2026-02-10 13:33:30"
story: "5-type-filter"
chunk: "unknown"
tool: "Bash"
error: |
  Exit code 1

[31m‚éØ‚éØ‚éØ‚éØ‚éØ‚éØ‚éØ[39m[1m[41m Failed Tests 4 [49m[22m[31m‚éØ‚éØ‚éØ‚éØ‚éØ‚éØ‚éØ[39m

[41m[1m FAIL [22m[49m src/app/discovery/__tests__/page.test.tsx[2m > [22mDiscovery Page[2m > [22mContent Type Filter Integration[2m > [22mshould render content type filter dropdown when channels exist
[31m[1mTestingLibraryElementError[22m[39m: Unable to find an element with the text: All. This could be because the text is broken up by multiple elements. In this case, you can provide a function for your text matcher to make your matcher more flexible.

Ignored nodes: comments, script, style
[36m<body[39m
  [33mstyle[39m=[32m""[39m
[36m>[39m
  [36m<div>[39m
    [36m<div[39m
      [33mclass[39m=[32m"p-4 sm:p-6 space-y-6"[39m
    [36m>[39m
      [36m<div[39m
        [33mclass[39m=[32m"flex flex-col sm:flex-row items-start gap-3"[39m
      [36m>[39m
        [36m<div[39m
          [33mclass[39m=[32m"flex-1 w-full"[39m
        [36m>[39m
          [36m<div[39m
            [33mdata-slot[39m=[32m"collapsible"[39m
            [33mdata-state[39m=[32m"closed"[39m
          [36m>[39m
            [36m<div[39m
              [33mclass[39m=[32m"space-y-2"[39m
            [36m>[39m
              [36m<button[39m
                [33maria-controls[39m=[32m"radix-_r_1a_"[39m
                [33maria-expanded[39m=[32m"false"[39m
                [33mclass[39m=[32m"inline-flex items-center justify-center gap-2 whitespace-nowrap rounded-md text-sm font-medium transition-all disabled:pointer-events-none disabled:opacity-50 [&_svg]:pointer-events-none [&_svg:not([class*='size-'])]:size-4 shrink-0 [&_svg]:shrink-0 outline-none focus-visible:border-ring focus-visible:ring-ring/50 focus-visible:ring-[3px] aria-invalid:ring-destructive/20 dark:aria-invalid:ring-destructive/40 aria-invalid:border-destructive border bg-background shadow-xs hover:bg-accent hover:text-accent-foreground dark:bg-input/30 dark:border-input dark:hover:bg-input/50 h-9 px-4 py-2 has-[>svg]:px-3 w-full sm:w-auto"[39m
                [33mdata-size[39m=[32m"default"[39m
                [33mdata-slot[39m=[32m"collapsible-trigger"[39m
                [33mdata-state[39m=[32m"closed"[39m
                [33mdata-variant[39m=[32m"outline"[39m
                [33mtype[39m=[32m"button"[39m
              [36m>[39m
                [36m<svg[39m
                  [33mclass[39m=[32m"size-4"[39m
                  [33mfill[39m=[32m"none"[39m
                  [33mstroke[39m=[32m"currentColor"[39m
                  [33mviewBox[39m=[32m"0 0 24 24"[39m
                  [33mxmlns[39m=[32m"http://www.w3.org/2000/svg"[39m
                [36m>[39m
                  [36m<path[39m
                    [33md[39m=[32m"M12 4v16m8-8H4"[39m
                    [33mstroke-linecap[39m=[32m"round"[39m
                    [33mstroke-linejoin[39m=[32m"round"[39m
                    [33mstroke-width[39m=[32m"2"[39m
                  [36m/>[39m
                [36m</svg>[39m
                [0mFollow a Channel[0m
              [36m</button>[39m
              [36m<div[39m
                [33mclass[39m=[32m"overflow-hidden data-[state=open]:animate-in data-[state=closed]:animate-out data-[state=closed]:fade-out-0 data-[state=open]:fade-in-0 data-[state=closed]:slide-out-to-top-2 data-[state=open]:slide-in-from-top-2 duration-200 ease-out "[39m
                [33mdata-slot[39m=[32m"collapsible-content"[39m
                [33mdata-state[39m=[32m"closed"[39m
                [33mhidden[39m=[32m""[39m
                [33mid[39m=[32m"radix-_r_1a_"[39m
                [33mstyle[39m=[32m""[39m
              [36m/>[39m
            [36m</div>[39m
          [36m</div>[39m
        [36m</div>[39m
        [36m<button[39m
          [33maria-expanded[39m=[32m"false"[39m
          [33maria-haspopup[39m=[32m"menu"[39m
          [33mclass[39m=[32m"rounded-full px-4 py-1.5 text-sm bg-muted hover:bg-muted/80 transition-colors flex items-center gap-2 outline-none focus-visible:ring-2 focus-visible:ring-ring focus-visible:ring-offset-2"[39m
          [33mdata-slot[39m=[32m"dropdown-menu-trigger"[39m
          [33mdata-state[39m=[32m"closed"[39m
          [33mid[39m=[32m"radix-_r_1b_"[39m
          [33mtype[39m=[32m"button"[39m
        [36m>[39m
          [0mAll Channels[0m
          [36m<svg[39m
            [33maria-hidden[39m=[32m"true"[39m
            [33mclass[39m=[32m"lucide lucide-chevron-down h-4 w-4 opacity-50"[39m
            [33mfill[39m=[32m"none"[39m
            [33mheight[39m=[32m"24"[39m
            [33mstroke[39m=[32m"currentColor"[39m
            [33mstroke-linecap[39m=[32m"round"[39m
            [33mstroke-linejoin[39m=[32m"round"[39m
            [33mstroke-width[39m=[32m"2"[39m
            [33mviewBox[39m=[32m"0 0 24 24"[39m
            [33mwidth[39m=[32m"24"[39m
   

... [56736 characters truncated] ...

shrink-0 [&>svg]:size-3 gap-1 [&>svg]:pointer-events-none focus-visible:border-ring focus-visible:ring-ring/50 focus-visible:ring-[3px] aria-invalid:ring-destructive/20 dark:aria-invalid:ring-destructive/40 aria-invalid:border-destructive overflow-hidden [a&]:hover:bg-secondary/90 bg-green-50 text-green-700 dark:bg-green-950 dark:text-green-300 transition-opacity duration-200"[39m
                [33mdata-slot[39m=[32m"badge"[39m
                [33mdata-variant[39m=[32m"secondary"[39m
              [36m>[39m
                [36m<svg[39m
                  [33mclass[39m=[32m"size-3"[39m
                  [33mfill[39m=[32m"none"[39m
                  [33mstroke[39m=[32m"currentColor"[39m
                  [33mviewBox[39m=[32m"0 0 24 24"[39m
                  [33mxmlns[39m=[32m"http://www.w3.org/2000/svg"[39m
                [36m>[39m
                  [36m<path[39m
                    [33md[39m=[32m"M5 13l4 4L19 7"[39m
                    [33mstroke-linecap[39m=[32m"round"[39m
                    [33mstroke-linejoin[39m=[32m"round"[39m
                    [33mstroke-width[39m=[32m"2"[39m
                  [36m/>[39m
                [36m</svg>[39m
                [0mIn Bank[0m
              [36m</span>[39m
            [36m</div>[39m
          [36m</div>[39m
        [36m</div>[39m
      [36m</div>[39m
    [36m</div>[39m
  [36m</div>[39m
[36m</body>[39m
[90m [2m‚ùØ[22m Object.getElementError node_modules/@testing-library/dom/dist/config.js:[2m37:19[22m[39m
[90m [2m‚ùØ[22m node_modules/@testing-library/dom/dist/query-helpers.js:[2m76:38[22m[39m
[90m [2m‚ùØ[22m node_modules/@testing-library/dom/dist/query-helpers.js:[2m109:15[22m[39m
[36m [2m‚ùØ[22m src/app/discovery/__tests__/page.test.tsx:[2m1033:32[22m[39m
    [90m1031| [39m
    [90m1032| [39m      [90m// Now select "Videos" content type[39m
    [90m1033| [39m      const allButton = screen.getAllByText('All')[0] // Content type ‚Ä¶
    [90m   | [39m                               [31m^[39m
    [90m1034| [39m      [35mawait[39m user[33m.[39m[34mclick[39m(allButton)
    [90m1035| [39m      [35mawait[39m user[33m.[39m[34mclick[39m(screen[33m.[39m[34mgetByText[39m([32m'Videos'[39m))

[31m[2m‚éØ‚éØ‚éØ‚éØ‚éØ‚éØ‚éØ‚éØ‚éØ‚éØ‚éØ‚éØ‚éØ‚éØ‚éØ‚éØ‚éØ‚éØ‚éØ‚éØ‚éØ‚éØ‚éØ‚éØ[4/4]‚éØ[22m[39m



> gold-miner@0.1.0 test
> vitest run src/app/discovery/__tests__/page.test.tsx


[1m[46m RUN [49m[22m [36mv4.0.18 [39m[90m/Users/darindrobinski/dev/repos/gold-miner[39m

 [31m‚ùØ[39m src/app/discovery/__tests__/page.test.tsx [2m([22m[2m20 tests[22m[2m | [22m[31m4 failed[39m[2m)[22m[33m 3050[2mms[22m[39m
     [32m‚úì[39m should show empty state when no channels are followed[32m 258[2mms[22m[39m
     [32m‚úì[39m should render follow channel input[32m 78[2mms[22m[39m
     [32m‚úì[39m should display videos in grid when channels exist[32m 69[2mms[22m[39m
     [32m‚úì[39m should show loading state with skeleton grid[32m 13[2mms[22m[39m
     [32m‚úì[39m should show error state when fetch fails[32m 20[2mms[22m[39m
     [32m‚úì[39m should refetch videos when a new channel is followed[32m 299[2mms[22m[39m
     [32m‚úì[39m should handle channel unfollow flow correctly[32m 45[2mms[22m[39m
     [32m‚úì[39m should render refresh button when channels exist[32m 127[2mms[22m[39m
     [32m‚úì[39m should not render refresh button when no channels exist[32m 40[2mms[22m[39m
     [32m‚úì[39m should refetch videos when refresh button is clicked[32m 87[2mms[22m[39m
       [32m‚úì[39m should render channel filter dropdown when channels exist[32m 43[2mms[22m[39m
       [32m‚úì[39m should not render channel filter dropdown when no channels exist[32m 28[2mms[22m[39m
       [32m‚úì[39m should filter videos to show only selected channel[32m 207[2mms[22m[39m
       [32m‚úì[39m should show all videos when "All Channels" is selected[32m 299[2mms[22m[39m
       [32m‚úì[39m should display channel name in dropdown trigger when channel is selected[32m 147[2mms[22m[39m
[31m       [31m√ó[31m should render content type filter dropdown when channels exist[39m[33m 1019[2mms[22m[39m
       [32m‚úì[39m should not render content type filter when no channels exist[32m 29[2mms[22m[39m
[31m       [31m√ó[31m should filter to show only videos (inBank: false) when "Videos" is selected[39m[32m 43[2mms[22m[39m
[31m       [31m√ó[31m should filter to show only transcripts (inBank: true) when "Transcripts" is selected[39m[32m 42[2mms[22m[39m
[31m       [31m√ó[31m should compose both channel and content type filters together[39m[32m 155[2mms[22m[39m

[2m Test Files [22m [1m[31m1 failed[39m[22m[90m (1)[39m
[2m      Tests [22m [1m[31m4 failed[39m[22m[2m | [22m[1m[32m16 passed[39m[22m[90m (20)[39m
[2m   Start at [22m 13:33:24
[2m   Duration [22m 5.80s[2m (transform 272ms, setup 194ms, import 964ms, tests 3.05s, environment 1.07s)[22m
---
timestamp: "2026-02-10 13:34:10"
story: "5-type-filter"
chunk: "unknown"
tool: "Bash"
error: |
  Exit code 1
npm error Missing script: "typecheck"
npm error
npm error To see a list of scripts, run:
npm error   npm run
npm error A complete log of this run can be found in: /Users/darindrobinski/.npm/_logs/2026-02-10T19_34_09_866Z-debug-0.log
---
timestamp: "2026-02-10 13:34:45"
story: "5-type-filter"
chunk: "unknown"
tool: "Bash"
error: |
  Exit code 2
src/app/discovery/__tests__/page.test.tsx(845,24): error TS2345: Argument of type 'HTMLElement | undefined' is not assignable to parameter of type 'Element'.
  Type 'undefined' is not assignable to type 'Element'.
src/app/discovery/__tests__/page.test.tsx(922,24): error TS2345: Argument of type 'HTMLElement | undefined' is not assignable to parameter of type 'Element'.
  Type 'undefined' is not assignable to type 'Element'.
src/app/discovery/__tests__/page.test.tsx(1034,24): error TS2345: Argument of type 'HTMLElement | undefined' is not assignable to parameter of type 'Element'.
  Type 'undefined' is not assignable to type 'Element'.
---
timestamp: "2026-02-10 14:19:58"
story: "4-ux-clarity"
chunk: "unknown"
tool: "Bash"
error: |
  Exit code 1

[31m‚éØ‚éØ‚éØ‚éØ‚éØ‚éØ[39m[1m[41m Failed Suites 1 [49m[22m[31m‚éØ‚éØ‚éØ‚éØ‚éØ‚éØ‚éØ[39m

[41m[1m FAIL [22m[49m src/app/api/personas/status/__tests__/route.test.ts[2m [ src/app/api/personas/status/__tests__/route.test.ts ][22m
[31m[1mError[22m: Failed to resolve import "../route" from "src/app/api/personas/status/__tests__/route.test.ts". Does the file exist?[39m
  Plugin: [35mvite:import-analysis[39m
  File: [36m/Users/darindrobinski/dev/repos/gold-miner/src/app/api/personas/status/__tests__/route.test.ts[39m:26:29
[33m  18 |  let pool;
  19 |  let testDb;
  20 |  const { GET } = await import("../route");
     |                               ^
  21 |  describe("GET /api/personas/status", () => {
  22 |    beforeAll(async () => {[39m
[90m [2m‚ùØ[22m TransformPluginContext._formatLog node_modules/vite/dist/node/chunks/config.js:[2m28999:43[22m[39m
[90m [2m‚ùØ[22m TransformPluginContext.error node_modules/vite/dist/node/chunks/config.js:[2m28996:14[22m[39m
[90m [2m‚ùØ[22m normalizeUrl node_modules/vite/dist/node/chunks/config.js:[2m27119:18[22m[39m
[90m [2m‚ùØ[22m node_modules/vite/dist/node/chunks/config.js:[2m27177:32[22m[39m
[90m [2m‚ùØ[22m TransformPluginContext.transform node_modules/vite/dist/node/chunks/config.js:[2m27145:4[22m[39m
[90m [2m‚ùØ[22m EnvironmentPluginContainer.transform node_modules/vite/dist/node/chunks/config.js:[2m28797:14[22m[39m
[90m [2m‚ùØ[22m loadAndTransform node_modules/vite/dist/node/chunks/config.js:[2m22670:26[22m[39m

[31m[2m‚éØ‚éØ‚éØ‚éØ‚éØ‚éØ‚éØ‚éØ‚éØ‚éØ‚éØ‚éØ‚éØ‚éØ‚éØ‚éØ‚éØ‚éØ‚éØ‚éØ‚éØ‚éØ‚éØ‚éØ[1/1]‚éØ[22m[39m



> gold-miner@0.1.0 test
> vitest run src/app/api/personas/status/__tests__/route.test.ts


[1m[46m RUN [49m[22m [36mv4.0.18 [39m[90m/Users/darindrobinski/dev/repos/gold-miner[39m

 [31m‚ùØ[39m src/app/api/personas/status/__tests__/route.test.ts [2m([22m[2m0 test[22m[2m)[22m

[2m Test Files [22m [1m[31m1 failed[39m[22m[90m (1)[39m
[2m      Tests [22m [2mno tests[22m
[2m   Start at [22m 14:19:51
[2m   Duration [22m 6.66s[2m (transform 74ms, setup 764ms, import 0ms, tests 0ms, environment 4.93s)[22m
---
timestamp: "2026-02-10 14:24:09"
story: "4-ux-clarity"
chunk: "unknown"
tool: "Bash"
error: |
  Exit code 1
npm error Missing script: "typecheck"
npm error
npm error To see a list of scripts, run:
npm error   npm run
npm error A complete log of this run can be found in: /Users/darindrobinski/.npm/_logs/2026-02-10T20_24_08_780Z-debug-0.log
---
timestamp: "2026-02-10 14:25:21"
story: "4-ux-clarity"
chunk: "unknown"
tool: "Bash"
error: |
  Exit code 2
---
timestamp: "2026-02-10 14:26:57"
story: "4-ux-clarity"
chunk: "unknown"
tool: "Bash"
error: |
  Exit code 1

> gold-miner@0.1.0 lint
> eslint


/Users/darindrobinski/dev/repos/gold-miner/src/app/api/personas/status/__tests__/route.test.ts
  113:48  error  Unexpected any. Specify a different type  @typescript-eslint/no-explicit-any
  123:35  error  Unexpected any. Specify a different type  @typescript-eslint/no-explicit-any
  214:49  error  Unexpected any. Specify a different type  @typescript-eslint/no-explicit-any
  215:46  error  Unexpected any. Specify a different type  @typescript-eslint/no-explicit-any
  216:49  error  Unexpected any. Specify a different type  @typescript-eslint/no-explicit-any

‚úñ 5 problems (5 errors, 0 warnings)
---
timestamp: "2026-02-10 14:35:26"
story: "4-ux-clarity"
chunk: "unknown"
tool: "Bash"
error: |
  Exit code 1

[31m‚éØ‚éØ‚éØ‚éØ‚éØ‚éØ[39m[1m[41m Failed Suites 1 [49m[22m[31m‚éØ‚éØ‚éØ‚éØ‚éØ‚éØ‚éØ[39m

[41m[1m FAIL [22m[49m src/components/personas/__tests__/PersonaStatus.test.tsx[2m [ src/components/personas/__tests__/PersonaStatus.test.tsx ][22m
[31m[1mError[22m: Failed to resolve import "../PersonaStatus" from "src/components/personas/__tests__/PersonaStatus.test.tsx". Does the file exist?[39m
  Plugin: [35mvite:import-analysis[39m
  File: [36m/Users/darindrobinski/dev/repos/gold-miner/src/components/personas/__tests__/PersonaStatus.test.tsx[39m:4:30
[33m  3  |  import { render, screen, waitFor } from "@testing-library/react";
  4  |  import userEvent from "@testing-library/user-event";
  5  |  import { PersonaStatus } from "../PersonaStatus";
     |                                 ^
  6  |  global.fetch = vi.fn();
  7  |  describe("PersonaStatus", () => {[39m
[90m [2m‚ùØ[22m TransformPluginContext._formatLog node_modules/vite/dist/node/chunks/config.js:[2m28999:43[22m[39m
[90m [2m‚ùØ[22m TransformPluginContext.error node_modules/vite/dist/node/chunks/config.js:[2m28996:14[22m[39m
[90m [2m‚ùØ[22m normalizeUrl node_modules/vite/dist/node/chunks/config.js:[2m27119:18[22m[39m
[90m [2m‚ùØ[22m node_modules/vite/dist/node/chunks/config.js:[2m27177:32[22m[39m
[90m [2m‚ùØ[22m TransformPluginContext.transform node_modules/vite/dist/node/chunks/config.js:[2m27145:4[22m[39m
[90m [2m‚ùØ[22m EnvironmentPluginContainer.transform node_modules/vite/dist/node/chunks/config.js:[2m28797:14[22m[39m
[90m [2m‚ùØ[22m loadAndTransform node_modules/vite/dist/node/chunks/config.js:[2m22670:26[22m[39m

[31m[2m‚éØ‚éØ‚éØ‚éØ‚éØ‚éØ‚éØ‚éØ‚éØ‚éØ‚éØ‚éØ‚éØ‚éØ‚éØ‚éØ‚éØ‚éØ‚éØ‚éØ‚éØ‚éØ‚éØ‚éØ[1/1]‚éØ[22m[39m



> gold-miner@0.1.0 test
> vitest run src/components/personas/__tests__/PersonaStatus.test.tsx


[1m[46m RUN [49m[22m [36mv4.0.18 [39m[90m/Users/darindrobinski/dev/repos/gold-miner[39m

 [31m‚ùØ[39m src/components/personas/__tests__/PersonaStatus.test.tsx [2m([22m[2m0 test[22m[2m)[22m

[2m Test Files [22m [1m[31m1 failed[39m[22m[90m (1)[39m
[2m      Tests [22m [2mno tests[22m
[2m   Start at [22m 14:35:21
[2m   Duration [22m 4.92s[2m (transform 89ms, setup 557ms, import 0ms, tests 0ms, environment 3.36s)[22m
---
timestamp: "2026-02-10 14:36:57"
story: "4-ux-clarity"
chunk: "unknown"
tool: "Bash"
error: |
  Exit code 1
npm error Missing script: "typecheck"
npm error
npm error To see a list of scripts, run:
npm error   npm run
npm error A complete log of this run can be found in: /Users/darindrobinski/.npm/_logs/2026-02-10T20_36_57_032Z-debug-0.log
---
timestamp: "2026-02-10 14:43:43"
story: "4-ux-clarity"
chunk: "unknown"
tool: "Bash"
error: |
  Exit code 1
---
timestamp: "2026-02-10 14:50:35"
story: "4-ux-clarity"
chunk: "unknown"
tool: "Bash"
error: |
  Exit code 1
[90mstderr[2m | src/app/api/personas/suggest/__tests__/route.test.ts[2m > [22m[2mGET /api/personas/suggest[2m > [22m[2mreturns 500 on database error
[22m[39mError fetching persona suggestions: Error: Database error
    at [90m/Users/darindrobinski/dev/repos/gold-miner/[39msrc/app/api/personas/suggest/__tests__/route.test.ts:134:39
    at [90mfile:///Users/darindrobinski/dev/repos/gold-miner/[39mnode_modules/[4m@vitest/runner[24m/dist/index.js:145:11
    at [90mfile:///Users/darindrobinski/dev/repos/gold-miner/[39mnode_modules/[4m@vitest/runner[24m/dist/index.js:915:26
    at [90mfile:///Users/darindrobinski/dev/repos/gold-miner/[39mnode_modules/[4m@vitest/runner[24m/dist/index.js:1243:20
    at new Promise (<anonymous>)
    at runWithTimeout [90m(file:///Users/darindrobinski/dev/repos/gold-miner/[39mnode_modules/[4m@vitest/runner[24m/dist/index.js:1209:10[90m)[39m
    at [90mfile:///Users/darindrobinski/dev/repos/gold-miner/[39mnode_modules/[4m@vitest/runner[24m/dist/index.js:1653:37
    at Traces.$ [90m(file:///Users/darindrobinski/dev/repos/gold-miner/[39mnode_modules/[4mvitest[24m/dist/chunks/traces.CCmnQaNT.js:142:27[90m)[39m
    at trace [90m(file:///Users/darindrobinski/dev/repos/gold-miner/[39mnode_modules/[4mvitest[24m/dist/chunks/test.B8ej_ZHS.js:239:21[90m)[39m
    at runTest [90m(file:///Users/darindrobinski/dev/repos/gold-miner/[39mnode_modules/[4m@vitest/runner[24m/dist/index.js:1653:12[90m)[39m


[31m‚éØ‚éØ‚éØ‚éØ‚éØ‚éØ‚éØ[39m[1m[41m Failed Tests 3 [49m[22m[31m‚éØ‚éØ‚éØ‚éØ‚éØ‚éØ‚éØ[39m

[41m[1m FAIL [22m[49m src/app/api/personas/suggest/__tests__/route.test.ts[2m > [22mGET /api/personas/suggest[2m > [22mreturns channels with 5+ videos where no persona exists
[31m[1mAssertionError[22m: expected [] to have a length of 2 but got +0[39m

[32m- Expected[39m
[31m+ Received[39m

[32m- 2[39m
[31m+ 0[39m

[36m [2m‚ùØ[22m src/app/api/personas/suggest/__tests__/route.test.ts:[2m51:30[22m[39m
    [90m 49| [39m
    [90m 50| [39m    [34mexpect[39m(response[33m.[39mstatus)[33m.[39m[34mtoBe[39m([34m200[39m)
    [90m 51| [39m    [34mexpect[39m(data[33m.[39msuggestions)[33m.[39m[34mtoHaveLength[39m([34m2[39m)
    [90m   | [39m                             [31m^[39m
    [90m 52| [39m    [34mexpect[39m(data[33m.[39msuggestions)[33m.[39m[34mtoEqual[39m([
    [90m 53| [39m      { channelName[33m:[39m [32m'Test Creator 1'[39m[33m,[39m videoCount[33m:[39m [34m10[39m }[33m,[39m

[31m[2m‚éØ‚éØ‚éØ‚éØ‚éØ‚éØ‚éØ‚éØ‚éØ‚éØ‚éØ‚éØ‚éØ‚éØ‚éØ‚éØ‚éØ‚éØ‚éØ‚éØ‚éØ‚éØ‚éØ‚éØ[1/3]‚éØ[22m[39m

[41m[1m FAIL [22m[49m src/app/api/personas/suggest/__tests__/route.test.ts[2m > [22mGET /api/personas/suggest[2m > [22mfilters out channels with fewer than 5 videos
[31m[1mAssertionError[22m: expected [] to have a length of 1 but got +0[39m

[32m- Expected[39m
[31m+ Received[39m

[32m- 1[39m
[31m+ 0[39m

[36m [2m‚ùØ[22m src/app/api/personas/suggest/__tests__/route.test.ts:[2m79:30[22m[39m
    [90m 77| [39m
    [90m 78| [39m    [34mexpect[39m(response[33m.[39mstatus)[33m.[39m[34mtoBe[39m([34m200[39m)
    [90m 79| [39m    [34mexpect[39m(data[33m.[39msuggestions)[33m.[39m[34mtoHaveLength[39m([34m1[39m)
    [90m   | [39m                             [31m^[39m
    [90m 80| [39m    expect(data.suggestions[0]).toEqual({ channelName: 'Big Channel', ‚Ä¶
    [90m 81| [39m  })

[31m[2m‚éØ‚éØ‚éØ‚éØ‚éØ‚éØ‚éØ‚éØ‚éØ‚éØ‚éØ‚éØ‚éØ‚éØ‚éØ‚éØ‚éØ‚éØ‚éØ‚éØ‚éØ‚éØ‚éØ‚éØ[2/3]‚éØ[22m[39m

[41m[1m FAIL [22m[49m src/app/api/personas/suggest/__tests__/route.test.ts[2m > [22mGET /api/personas/suggest[2m > [22msorts suggestions by video count (descending)
[31m[1mAssertionError[22m: expected [] to have a length of 3 but got +0[39m

[32m- Expected[39m
[31m+ Received[39m

[32m- 3[39m
[31m+ 0[39m

[36m [2m‚ùØ[22m src/app/api/personas/suggest/__tests__/route.test.ts:[2m165:30[22m[39m
    [90m163| [39m
    [90m164| [39m    [34mexpect[39m(response[33m.[39mstatus)[33m.[39m[34mtoBe[39m([34m200[39m)
    [90m165| [39m    [34mexpect[39m(data[33m.[39msuggestions)[33m.[39m[34mtoHaveLength[39m([34m3[39m)
    [90m   | [39m                             [31m^[39m
    [90m166| [39m    [34mexpect[39m(data[33m.[39msuggestions[[34m0[39m][33m?.[39mchannelName)[33m.[39m[34mtoBe[39m([32m'Channel B'[39m)
    [90m167| [39m    [34mexpect[39m(data[33m.[39msuggestions[[34m0[39m][33m?.[39mvideoCount)[33m.[39m[34mtoBe[39m([34m10[39m)

[31m[2m‚éØ‚éØ‚éØ‚éØ‚éØ‚éØ‚éØ‚éØ‚éØ‚éØ‚éØ‚éØ‚éØ‚éØ‚éØ‚éØ‚éØ‚éØ‚éØ‚éØ‚éØ‚éØ‚éØ‚éØ[3/3]‚éØ[22m[39m



> gold-miner@0.1.0 test
> vitest run src/app/api/personas/suggest/__tests__/route.test.ts


[1m[46m RUN [49m[22m [36mv4.0.18 [39m[90m/Users/darindrobinski/dev/repos/gold-miner[39m

 [31m‚ùØ[39m src/app/api/personas/suggest/__tests__/route.test.ts [2m([22m[2m6 tests[22m[2m | [22m[31m3 failed[39m[2m)[22m[32m 83[2mms[22m[39m
[31m     [31m√ó[31m returns channels with 5+ videos where no persona exists[39m[32m 46[2mms[22m[39m
[31m     [31m√ó[31m filters out channels with fewer than 5 videos[39m[32m 10[2mms[22m[39m
     [32m‚úì[39m returns empty array when no channels meet criteria[32m 4[2mms[22m[39m
     [32m‚úì[39m returns empty array when all eligible channels already have personas[32m 2[2mms[22m[39m
     [32m‚úì[39m returns 500 on database error[32m 10[2mms[22m[39m
[31m     [31m√ó[31m sorts suggestions by video count (descending)[39m[32m 6[2mms[22m[39m

[2m Test Files [22m [1m[31m1 failed[39m[22m[90m (1)[39m
[2m      Tests [22m [1m[31m3 failed[39m[22m[2m | [22m[1m[32m3 passed[39m[22m[90m (6)[39m
[2m   Start at [22m 14:50:28
[2m   Duration [22m 6.95s[2m (transform 347ms, setup 551ms, import 2.21s, tests 83ms, environment 3.00s)[22m
---
timestamp: "2026-02-10 14:51:08"
story: "4-ux-clarity"
chunk: "unknown"
tool: "Bash"
error: |
  Exit code 1
[90mstderr[2m | src/app/api/personas/suggest/__tests__/route.test.ts[2m > [22m[2mGET /api/personas/suggest[2m > [22m[2mreturns 500 on database error
[22m[39mError fetching persona suggestions: Error: Database error
    at [90m/Users/darindrobinski/dev/repos/gold-miner/[39msrc/app/api/personas/suggest/__tests__/route.test.ts:134:39
    at [90mfile:///Users/darindrobinski/dev/repos/gold-miner/[39mnode_modules/[4m@vitest/runner[24m/dist/index.js:145:11
    at [90mfile:///Users/darindrobinski/dev/repos/gold-miner/[39mnode_modules/[4m@vitest/runner[24m/dist/index.js:915:26
    at [90mfile:///Users/darindrobinski/dev/repos/gold-miner/[39mnode_modules/[4m@vitest/runner[24m/dist/index.js:1243:20
    at new Promise (<anonymous>)
    at runWithTimeout [90m(file:///Users/darindrobinski/dev/repos/gold-miner/[39mnode_modules/[4m@vitest/runner[24m/dist/index.js:1209:10[90m)[39m
    at [90mfile:///Users/darindrobinski/dev/repos/gold-miner/[39mnode_modules/[4m@vitest/runner[24m/dist/index.js:1653:37
    at Traces.$ [90m(file:///Users/darindrobinski/dev/repos/gold-miner/[39mnode_modules/[4mvitest[24m/dist/chunks/traces.CCmnQaNT.js:142:27[90m)[39m
    at trace [90m(file:///Users/darindrobinski/dev/repos/gold-miner/[39mnode_modules/[4mvitest[24m/dist/chunks/test.B8ej_ZHS.js:239:21[90m)[39m
    at runTest [90m(file:///Users/darindrobinski/dev/repos/gold-miner/[39mnode_modules/[4m@vitest/runner[24m/dist/index.js:1653:12[90m)[39m


[31m‚éØ‚éØ‚éØ‚éØ‚éØ‚éØ‚éØ[39m[1m[41m Failed Tests 1 [49m[22m[31m‚éØ‚éØ‚éØ‚éØ‚éØ‚éØ‚éØ[39m

[41m[1m FAIL [22m[49m src/app/api/personas/suggest/__tests__/route.test.ts[2m > [22mGET /api/personas/suggest[2m > [22mreturns empty array when no channels meet criteria
[31m[1mAssertionError[22m: expected [ ‚Ä¶(2) ] to deeply equal [][39m

[32m- Expected[39m
[31m+ Received[39m

[32m- [][39m
[31m+ [[39m
[31m+   {[39m
[31m+     "channelName": "Channel 2",[39m
[31m+     "videoCount": 20,[39m
[31m+   },[39m
[31m+   {[39m
[31m+     "channelName": "Channel 1",[39m
[31m+     "videoCount": 10,[39m
[31m+   },[39m
[31m+ ][39m

[36m [2m‚ùØ[22m src/app/api/personas/suggest/__tests__/route.test.ts:[2m103:30[22m[39m
    [90m101| [39m
    [90m102| [39m    [34mexpect[39m(response[33m.[39mstatus)[33m.[39m[34mtoBe[39m([34m200[39m)
    [90m103| [39m    [34mexpect[39m(data[33m.[39msuggestions)[33m.[39m[34mtoEqual[39m([])
    [90m   | [39m                             [31m^[39m
    [90m104| [39m  })
    [90m105| [39m

[31m[2m‚éØ‚éØ‚éØ‚éØ‚éØ‚éØ‚éØ‚éØ‚éØ‚éØ‚éØ‚éØ‚éØ‚éØ‚éØ‚éØ‚éØ‚éØ‚éØ‚éØ‚éØ‚éØ‚éØ‚éØ[1/1]‚éØ[22m[39m



> gold-miner@0.1.0 test
> vitest run src/app/api/personas/suggest/__tests__/route.test.ts


[1m[46m RUN [49m[22m [36mv4.0.18 [39m[90m/Users/darindrobinski/dev/repos/gold-miner[39m

 [31m‚ùØ[39m src/app/api/personas/suggest/__tests__/route.test.ts [2m([22m[2m6 tests[22m[2m | [22m[31m1 failed[39m[2m)[22m[32m 58[2mms[22m[39m
     [32m‚úì[39m returns channels with 5+ videos where no persona exists[32m 19[2mms[22m[39m
     [32m‚úì[39m filters out channels with fewer than 5 videos[32m 2[2mms[22m[39m
[31m     [31m√ó[31m returns empty array when no channels meet criteria[39m[32m 24[2mms[22m[39m
     [32m‚úì[39m returns empty array when all eligible channels already have personas[32m 3[2mms[22m[39m
     [32m‚úì[39m returns 500 on database error[32m 5[2mms[22m[39m
     [32m‚úì[39m sorts suggestions by video count (descending)[32m 2[2mms[22m[39m

[2m Test Files [22m [1m[31m1 failed[39m[22m[90m (1)[39m
[2m      Tests [22m [1m[31m1 failed[39m[22m[2m | [22m[1m[32m5 passed[39m[22m[90m (6)[39m
[2m   Start at [22m 14:51:02
[2m   Duration [22m 5.73s[2m (transform 280ms, setup 476ms, import 1.78s, tests 58ms, environment 2.71s)[22m
---
timestamp: "2026-02-10 14:52:57"
story: "4-ux-clarity"
chunk: "unknown"
tool: "Bash"
error: |
  Exit code 1
npm error Missing script: "typecheck"
npm error
npm error To see a list of scripts, run:
npm error   npm run
npm error A complete log of this run can be found in: /Users/darindrobinski/.npm/_logs/2026-02-10T20_52_56_782Z-debug-0.log
