---
timestamp: "2026-02-13 15:46:53"
story: "1-url-filter-state"
chunk: "unknown"
tool: "Bash"
error: |
  Exit code 1

[31mâŽ¯âŽ¯âŽ¯âŽ¯âŽ¯âŽ¯âŽ¯[39m[1m[41m Failed Tests 9 [49m[22m[31mâŽ¯âŽ¯âŽ¯âŽ¯âŽ¯âŽ¯âŽ¯[39m

[41m[1m FAIL [22m[49m src/hooks/__tests__/useSearch.test.ts[2m > [22museSearch[2m > [22mfetches immediately when query changes (no debounce)
[31m[1mAssertionError[22m: expected "vi.fn()" to be called 1 times, but got 0 times

Ignored nodes: comments, script, style
[36m<html>[31m
  [36m<head />[31m
  [36m<body>[31m
    [36m<div />[31m
  [36m</body>[31m
[36m</html>[31m[39m
[36m [2mâ¯[22m src/hooks/__tests__/useSearch.test.ts:[2m60:25[22m[39m
    [90m 58| [39m    [90m// Should fetch immediately without debounce[39m
    [90m 59| [39m    [35mawait[39m [34mwaitFor[39m(() [33m=>[39m {
    [90m 60| [39m      [34mexpect[39m(mockFetch)[33m.[39m[34mtoHaveBeenCalledTimes[39m([34m1[39m)[33m;[39m
    [90m   | [39m                        [31m^[39m
    [90m 61| [39m      [34mexpect[39m(mockFetch)[33m.[39m[34mtoHaveBeenCalledWith[39m(
    [90m 62| [39m        [32m'/api/search?q=test&mode=hybrid'[39m[33m,[39m
[90m [2mâ¯[22m runWithExpensiveErrorDiagnosticsDisabled node_modules/@testing-library/dom/dist/config.js:[2m47:12[22m[39m
[90m [2mâ¯[22m checkCallback node_modules/@testing-library/dom/dist/wait-for.js:[2m124:77[22m[39m
[90m [2mâ¯[22m Timeout.checkRealTimersCallback node_modules/@testing-library/dom/dist/wait-for.js:[2m118:16[22m[39m

[31m[2mâŽ¯âŽ¯âŽ¯âŽ¯âŽ¯âŽ¯âŽ¯âŽ¯âŽ¯âŽ¯âŽ¯âŽ¯âŽ¯âŽ¯âŽ¯âŽ¯âŽ¯âŽ¯âŽ¯âŽ¯âŽ¯âŽ¯âŽ¯âŽ¯[1/9]âŽ¯[22m[39m

[41m[1m FAIL [22m[49m src/hooks/__tests__/useSearch.test.ts[2m > [22museSearch[2m > [22msets loading state during fetch
[31m[1mAssertionError[22m: expected false to be true // Object.is equality

Ignored nodes: comments, script, style
[36m<html>[31m
  [36m<head />[31m
  [36m<body>[31m
    [36m<div />[31m
  [36m</body>[31m
[36m</html>[31m[39m

[32m- Expected[39m
[31m+ Received[39m

[32m- true[39m
[31m+ false[39m

[36m [2mâ¯[22m src/hooks/__tests__/useSearch.test.ts:[2m89:40[22m[39m
    [90m 87| [39m    [90m// Should be loading immediately[39m
    [90m 88| [39m    [35mawait[39m [34mwaitFor[39m(() [33m=>[39m {
    [90m 89| [39m      [34mexpect[39m(result[33m.[39mcurrent[33m.[39misLoading)[33m.[39m[34mtoBe[39m([35mtrue[39m)[33m;[39m
    [90m   | [39m                                       [31m^[39m
    [90m 90| [39m    })[33m;[39m
    [90m 91| [39m
[90m [2mâ¯[22m runWithExpensiveErrorDiagnosticsDisabled node_modules/@testing-library/dom/dist/config.js:[2m47:12[22m[39m
[90m [2mâ¯[22m checkCallback node_modules/@testing-library/dom/dist/wait-for.js:[2m124:77[22m[39m
[90m [2mâ¯[22m Timeout.checkRealTimersCallback node_modules/@testing-library/dom/dist/wait-for.js:[2m118:16[22m[39m

[31m[2mâŽ¯âŽ¯âŽ¯âŽ¯âŽ¯âŽ¯âŽ¯âŽ¯âŽ¯âŽ¯âŽ¯âŽ¯âŽ¯âŽ¯âŽ¯âŽ¯âŽ¯âŽ¯âŽ¯âŽ¯âŽ¯âŽ¯âŽ¯âŽ¯[2/9]âŽ¯[22m[39m

[41m[1m FAIL [22m[49m src/hooks/__tests__/useSearch.test.ts[2m > [22museSearch[2m > [22mstores search results
[31m[1mAssertionError[22m: expected null to deeply equal { â€¦(6) }

Ignored nodes: comments, script, style
[36m<html>[31m
  [36m<head />[31m
  [36m<body>[31m
    [36m<div />[31m
  [36m</body>[31m
[36m</html>[31m[39m

[32m- Expected:[39m 
{
  "chunks": [
    {
      "channel": "Test Channel",
      "chunkId": 1,
      "content": "Test content",
      "endTime": 10,
      "similarity": 0.9,
      "startTime": 0,
      "thumbnail": null,
      "videoId": 1,
      "videoTitle": "Test Video",
      "youtubeId": "abc123",
    },
  ],
  "hasEmbeddings": true,
  "mode": "hybrid",
  "query": "test",
  "timing": 10,
  "videos": [
    {
      "bestChunk": {
        "content": "Test content",
        "similarity": 0.9,
        "startTime": 0,
      },
      "channel": "Test Channel",
      "matchedChunks": 1,
      "score": 0.9,
      "thumbnail": null,
      "title": "Test Video",
      "videoId": 1,
      "youtubeId": "abc123",
    },
  ],
}

[31m+ Received:[39m 
null

[36m [2mâ¯[22m timeout src/hooks/__tests__/useSearch.test.ts:[2m152:40[22m[39m
    [90m150| [39m    [35mawait[39m [34mwaitFor[39m(
    [90m151| [39m      () [33m=>[39m {
    [90m152| [39m        [34mexpect[39m(result[33m.[39mcurrent[33m.[39mresults)[33m.[39m[34mtoEqual[39m(mockResponse)[33m;[39m
    [90m   | [39m                                       [31m^[39m
    [90m153| [39m      }[33m,[39m
    [90m154| [39m      { timeout[33m:[39m [34m1000[39m }
[90m [2mâ¯[22m runWithExpensiveErrorDiagnosticsDisabled node_modules/@testing-library/dom/dist/config.js:[2m47:12[22m[39m
[90m [2mâ¯[22m checkCallback node_modules/@testing-library/dom/dist/wait-for.js:[2m124:77[22m[39m
[90m [2mâ¯[22m Timeout.checkRealTimersCallback node_modules/@testing-library/dom/dist/wait-for.js:[2m118:16[22m[39m

[31m[2mâŽ¯âŽ¯âŽ¯âŽ¯âŽ¯âŽ¯âŽ¯âŽ¯âŽ¯âŽ¯âŽ¯âŽ¯âŽ¯âŽ¯âŽ¯âŽ¯âŽ¯âŽ¯âŽ¯âŽ¯âŽ¯âŽ¯âŽ¯âŽ¯[3/9]âŽ¯[22m[39m

[41m[1m FAIL [22m[49m src/hooks/__tests__/useSearch.test.ts[2m > [22museSearch[2m > [22mhandles fetch error
[31m[1mAssertionError[22m: expected null to be 'Search failed. Please try

... [3929 characters truncated] ...

âŽ¯âŽ¯âŽ¯âŽ¯âŽ¯âŽ¯âŽ¯âŽ¯âŽ¯âŽ¯âŽ¯âŽ¯âŽ¯âŽ¯âŽ¯âŽ¯[6/9]âŽ¯[22m[39m

[41m[1m FAIL [22m[49m src/hooks/__tests__/useSearch.test.ts[2m > [22museSearch[2m > [22mcancels previous request when query changes rapidly
[31m[1mAssertionError[22m: expected "vi.fn()" to be called with arguments: [ â€¦(2) ][90m

Number of calls: [1m0[22m
[31m

Ignored nodes: comments, script, style
[36m<html>[31m
  [36m<head />[31m
  [36m<body>[31m
    [36m<div />[31m
  [36m</body>[31m
[36m</html>[31m[39m
[36m [2mâ¯[22m timeout src/hooks/__tests__/useSearch.test.ts:[2m260:27[22m[39m
    [90m258| [39m    [35mawait[39m [34mwaitFor[39m(
    [90m259| [39m      () [33m=>[39m {
    [90m260| [39m        [34mexpect[39m(mockFetch)[33m.[39m[34mtoHaveBeenCalledWith[39m(
    [90m   | [39m                          [31m^[39m
    [90m261| [39m          [32m'/api/search?q=test2&mode=hybrid'[39m[33m,[39m
    [90m262| [39m          expect[33m.[39m[34many[39m([33mObject[39m)
[90m [2mâ¯[22m runWithExpensiveErrorDiagnosticsDisabled node_modules/@testing-library/dom/dist/config.js:[2m47:12[22m[39m
[90m [2mâ¯[22m checkCallback node_modules/@testing-library/dom/dist/wait-for.js:[2m124:77[22m[39m
[90m [2mâ¯[22m Timeout.checkRealTimersCallback node_modules/@testing-library/dom/dist/wait-for.js:[2m118:16[22m[39m

[31m[2mâŽ¯âŽ¯âŽ¯âŽ¯âŽ¯âŽ¯âŽ¯âŽ¯âŽ¯âŽ¯âŽ¯âŽ¯âŽ¯âŽ¯âŽ¯âŽ¯âŽ¯âŽ¯âŽ¯âŽ¯âŽ¯âŽ¯âŽ¯âŽ¯[7/9]âŽ¯[22m[39m

[41m[1m FAIL [22m[49m src/hooks/__tests__/useSearch.test.ts[2m > [22museSearch[2m > [22mcleans up on unmount
[31m[1mAssertionError[22m: expected "vi.fn()" to be called at least once[39m
[36m [2mâ¯[22m src/hooks/__tests__/useSearch.test.ts:[2m303:23[22m[39m
    [90m301| [39m
    [90m302| [39m    [90m// Fetch should be called[39m
    [90m303| [39m    [34mexpect[39m(mockFetch)[33m.[39m[34mtoHaveBeenCalled[39m()[33m;[39m
    [90m   | [39m                      [31m^[39m
    [90m304| [39m
    [90m305| [39m    [90m// Unmount should clean up without errors[39m

[31m[2mâŽ¯âŽ¯âŽ¯âŽ¯âŽ¯âŽ¯âŽ¯âŽ¯âŽ¯âŽ¯âŽ¯âŽ¯âŽ¯âŽ¯âŽ¯âŽ¯âŽ¯âŽ¯âŽ¯âŽ¯âŽ¯âŽ¯âŽ¯âŽ¯[8/9]âŽ¯[22m[39m

[41m[1m FAIL [22m[49m src/hooks/__tests__/useSearch.test.ts[2m > [22museSearch[2m > [22mincludes focusAreaId in request when provided
[31m[1mAssertionError[22m: expected "vi.fn()" to be called with arguments: [ â€¦(2) ][90m

Number of calls: [1m0[22m
[31m

Ignored nodes: comments, script, style
[36m<html>[31m
  [36m<head />[31m
  [36m<body>[31m
    [36m<div />[31m
  [36m</body>[31m
[36m</html>[31m[39m
[36m [2mâ¯[22m timeout src/hooks/__tests__/useSearch.test.ts:[2m329:27[22m[39m
    [90m327| [39m    [35mawait[39m [34mwaitFor[39m(
    [90m328| [39m      () [33m=>[39m {
    [90m329| [39m        [34mexpect[39m(mockFetch)[33m.[39m[34mtoHaveBeenCalledWith[39m(
    [90m   | [39m                          [31m^[39m
    [90m330| [39m          [32m'/api/search?q=test&mode=hybrid&focusAreaId=42'[39m[33m,[39m
    [90m331| [39m          expect[33m.[39m[34many[39m([33mObject[39m)
[90m [2mâ¯[22m runWithExpensiveErrorDiagnosticsDisabled node_modules/@testing-library/dom/dist/config.js:[2m47:12[22m[39m
[90m [2mâ¯[22m checkCallback node_modules/@testing-library/dom/dist/wait-for.js:[2m124:77[22m[39m
[90m [2mâ¯[22m Timeout.checkRealTimersCallback node_modules/@testing-library/dom/dist/wait-for.js:[2m118:16[22m[39m

[31m[2mâŽ¯âŽ¯âŽ¯âŽ¯âŽ¯âŽ¯âŽ¯âŽ¯âŽ¯âŽ¯âŽ¯âŽ¯âŽ¯âŽ¯âŽ¯âŽ¯âŽ¯âŽ¯âŽ¯âŽ¯âŽ¯âŽ¯âŽ¯âŽ¯[9/9]âŽ¯[22m[39m



> gold-miner@0.1.0 test
> vitest run src/hooks/__tests__/useSearch.test.ts


[1m[46m RUN [49m[22m [36mv4.0.18 [39m[90m/Users/darindrobinski/dev/repos/gold-miner[39m

 [31mâ¯[39m src/hooks/__tests__/useSearch.test.ts [2m([22m[2m12 tests[22m[2m | [22m[31m9 failed[39m[2m)[22m[33m 8488[2mms[22m[39m
     [32mâœ“[39m initializes with default state[32m 164[2mms[22m[39m
     [32mâœ“[39m does not fetch when query is empty[32m 4[2mms[22m[39m
[31m     [31mÃ—[31m fetches immediately when query changes (no debounce)[39m[33m 1024[2mms[22m[39m
[31m     [31mÃ—[31m sets loading state during fetch[39m[33m 1009[2mms[22m[39m
[31m     [31mÃ—[31m stores search results[39m[33m 1008[2mms[22m[39m
[31m     [31mÃ—[31m handles fetch error[39m[33m 1006[2mms[22m[39m
[31m     [31mÃ—[31m clears results when query is cleared[39m[33m 1004[2mms[22m[39m
[31m     [31mÃ—[31m changes search mode[39m[33m 1005[2mms[22m[39m
[31m     [31mÃ—[31m cancels previous request when query changes rapidly[39m[33m 1005[2mms[22m[39m
     [32mâœ“[39m ignores AbortError[32m 104[2mms[22m[39m
[31m     [31mÃ—[31m cleans up on unmount[39m[32m 53[2mms[22m[39m
[31m     [31mÃ—[31m includes focusAreaId in request when provided[39m[33m 1004[2mms[22m[39m

[2m Test Files [22m [1m[31m1 failed[39m[22m[90m (1)[39m
[2m      Tests [22m [1m[31m9 failed[39m[22m[2m | [22m[1m[32m3 passed[39m[22m[90m (12)[39m
[2m   Start at [22m 15:46:34
[2m   Duration [22m 18.67s[2m (transform 146ms, setup 1.05s, import 1.27s, tests 8.49s, environment 6.21s)[22m
---
timestamp: "2026-02-13 15:48:15"
story: "1-url-filter-state"
chunk: "unknown"
tool: "Bash"
error: |
  Exit code 1

[31mâŽ¯âŽ¯âŽ¯âŽ¯âŽ¯âŽ¯âŽ¯[39m[1m[41m Failed Tests 2 [49m[22m[31mâŽ¯âŽ¯âŽ¯âŽ¯âŽ¯âŽ¯âŽ¯[39m

[41m[1m FAIL [22m[49m src/components/videos/__tests__/VideoSearch.test.tsx[2m > [22mVideoSearch[2m > [22minitializes with defaultValue when provided
[31m[1mError[22m: [2mexpect([22m[31melement[31m[2m).toHaveValue([22m[32minitial query[31m[2m)[22m

Expected the element to have value:
[32m  initial query[31m
Received:
[31m[31m[39m
[36m [2mâ¯[22m src/components/videos/__tests__/VideoSearch.test.tsx:[2m144:19[22m[39m
    [90m142| [39m
    [90m143| [39m    const input = screen.getByPlaceholderText('Ask a question or searcâ€¦
    [90m144| [39m    [34mexpect[39m(input)[33m.[39m[34mtoHaveValue[39m([32m'initial query'[39m)[33m;[39m
    [90m   | [39m                  [31m^[39m
    [90m145| [39m  })[33m;[39m
    [90m146| [39m

[31m[2mâŽ¯âŽ¯âŽ¯âŽ¯âŽ¯âŽ¯âŽ¯âŽ¯âŽ¯âŽ¯âŽ¯âŽ¯âŽ¯âŽ¯âŽ¯âŽ¯âŽ¯âŽ¯âŽ¯âŽ¯âŽ¯âŽ¯âŽ¯âŽ¯[1/2]âŽ¯[22m[39m

[41m[1m FAIL [22m[49m src/components/videos/__tests__/VideoSearch.test.tsx[2m > [22mVideoSearch[2m > [22msyncs with external defaultValue changes (browser back/forward)
[31m[1mError[22m: [2mexpect([22m[31melement[31m[2m).toHaveValue([22m[32mfirst query[31m[2m)[22m

Expected the element to have value:
[32m  first query[31m
Received:
[31m[31m[39m
[36m [2mâ¯[22m src/components/videos/__tests__/VideoSearch.test.tsx:[2m155:19[22m[39m
    [90m153| [39m
    [90m154| [39m    const input = screen.getByPlaceholderText('Ask a question or searcâ€¦
    [90m155| [39m    [34mexpect[39m(input)[33m.[39m[34mtoHaveValue[39m([32m'first query'[39m)[33m;[39m
    [90m   | [39m                  [31m^[39m
    [90m156| [39m
    [90m157| [39m    [90m// Simulate browser back/forward by changing defaultValue[39m

[31m[2mâŽ¯âŽ¯âŽ¯âŽ¯âŽ¯âŽ¯âŽ¯âŽ¯âŽ¯âŽ¯âŽ¯âŽ¯âŽ¯âŽ¯âŽ¯âŽ¯âŽ¯âŽ¯âŽ¯âŽ¯âŽ¯âŽ¯âŽ¯âŽ¯[2/2]âŽ¯[22m[39m



> gold-miner@0.1.0 test
> vitest run src/components/videos/__tests__/VideoSearch.test.tsx


[1m[46m RUN [49m[22m [36mv4.0.18 [39m[90m/Users/darindrobinski/dev/repos/gold-miner[39m

 [31mâ¯[39m src/components/videos/__tests__/VideoSearch.test.tsx [2m([22m[2m11 tests[22m[2m | [22m[31m2 failed[39m[2m)[22m[33m 1580[2mms[22m[39m
     [32mâœ“[39m renders search input with correct placeholder[32m 261[2mms[22m[39m
     [32mâœ“[39m renders search input with custom placeholder[32m 12[2mms[22m[39m
     [32mâœ“[39m displays search icon[32m 208[2mms[22m[39m
     [33m[2mâœ“[22m[39m calls onSearch with debounced value after typing [33m 394[2mms[22m[39m
     [32mâœ“[39m shows clear button when input has value[32m 14[2mms[22m[39m
     [33m[2mâœ“[22m[39m clears input when clear button clicked [33m 327[2mms[22m[39m
     [33m[2mâœ“[22m[39m debounces multiple rapid changes [33m 328[2mms[22m[39m
     [32mâœ“[39m updates search when value changes[32m 10[2mms[22m[39m
[31m     [31mÃ—[31m initializes with defaultValue when provided[39m[32m 12[2mms[22m[39m
[31m     [31mÃ—[31m syncs with external defaultValue changes (browser back/forward)[39m[32m 4[2mms[22m[39m
     [32mâœ“[39m does not sync when defaultValue is undefined[32m 7[2mms[22m[39m

[2m Test Files [22m [1m[31m1 failed[39m[22m[90m (1)[39m
[2m      Tests [22m [1m[31m2 failed[39m[22m[2m | [22m[1m[32m9 passed[39m[22m[90m (11)[39m
[2m   Start at [22m 15:48:03
[2m   Duration [22m 12.30s[2m (transform 184ms, setup 931ms, import 2.88s, tests 1.58s, environment 5.08s)[22m
---
timestamp: "2026-02-13 15:56:53"
story: "1-url-filter-state"
chunk: "unknown"
tool: "Bash"
error: |
  Exit code 1
npm error Missing script: "typecheck"
npm error
npm error To see a list of scripts, run:
npm error   npm run
npm error A complete log of this run can be found in: /Users/darindrobinski/.npm/_logs/2026-02-13T21_56_52_587Z-debug-0.log
---
timestamp: "2026-02-13 16:02:37"
story: "1-url-filter-state"
chunk: "unknown"
tool: "Bash"
error: |
  Exit code 2
src/app/page.tsx(2,38): error TS2307: Cannot find module '@/components/knowledge-bank/KnowledgeBankContent' or its corresponding type declarations.
src/app/page.tsx(6,5): error TS17004: Cannot use JSX unless the '--jsx' flag is provided.
src/app/page.tsx(6,25): error TS17004: Cannot use JSX unless the '--jsx' flag is provided.
src/app/page.tsx(7,7): error TS17004: Cannot use JSX unless the '--jsx' flag is provided.
src/components/knowledge-bank/KnowledgeBankContent.tsx(4,50): error TS2307: Cannot find module '@/components/videos/StatsHeader' or its corresponding type declarations.
src/components/knowledge-bank/KnowledgeBankContent.tsx(5,29): error TS2307: Cannot find module '@/components/videos/VideoSearch' or its corresponding type declarations.
src/components/knowledge-bank/KnowledgeBankContent.tsx(6,27): error TS2307: Cannot find module '@/components/videos/VideoGrid' or its corresponding type declarations.
src/components/knowledge-bank/KnowledgeBankContent.tsx(7,28): error TS2307: Cannot find module '@/components/videos/EmptyState' or its corresponding type declarations.
src/components/knowledge-bank/KnowledgeBankContent.tsx(8,31): error TS2307: Cannot find module '@/components/search/SearchResults' or its corresponding type declarations.
src/components/knowledge-bank/KnowledgeBankContent.tsx(9,30): error TS2307: Cannot find module '@/components/personas/PersonaPanel' or its corresponding type declarations.
src/components/knowledge-bank/KnowledgeBankContent.tsx(10,31): error TS2307: Cannot find module '@/components/personas/PersonaStatus' or its corresponding type declarations.
src/components/knowledge-bank/KnowledgeBankContent.tsx(11,60): error TS2307: Cannot find module '@/components/videos/ContentTypeFilter' or its corresponding type declarations.
src/components/knowledge-bank/KnowledgeBankContent.tsx(12,27): error TS2307: Cannot find module '@/hooks/useSearch' or its corresponding type declarations.
src/components/knowledge-bank/KnowledgeBankContent.tsx(13,29): error TS2307: Cannot find module '@/hooks/useEnsemble' or its corresponding type declarations.
src/components/knowledge-bank/KnowledgeBankContent.tsx(14,30): error TS2307: Cannot find module '@/components/layout/PageTitleContext' or its corresponding type declarations.
src/components/knowledge-bank/KnowledgeBankContent.tsx(15,30): error TS2307: Cannot find module '@/components/providers/FocusAreaProvider' or its corresponding type declarations.
src/components/knowledge-bank/KnowledgeBankContent.tsx(16,30): error TS2307: Cannot find module '@/hooks/useURLParams' or its corresponding type declarations.
src/components/knowledge-bank/KnowledgeBankContent.tsx(17,39): error TS2307: Cannot find module '@/lib/db/schema' or its corresponding type declarations.
src/components/knowledge-bank/KnowledgeBankContent.tsx(182,5): error TS17004: Cannot use JSX unless the '--jsx' flag is provided.
src/components/knowledge-bank/KnowledgeBankContent.tsx(185,9): error TS17004: Cannot use JSX unless the '--jsx' flag is provided.
src/components/knowledge-bank/KnowledgeBankContent.tsx(187,9): error TS17004: Cannot use JSX unless the '--jsx' flag is provided.
src/components/knowledge-bank/KnowledgeBankContent.tsx(197,9): error TS17004: Cannot use JSX unless the '--jsx' flag is provided.
src/components/knowledge-bank/KnowledgeBankContent.tsx(198,11): error TS17004: Cannot use JSX unless the '--jsx' flag is provided.
src/components/knowledge-bank/KnowledgeBankContent.tsx(204,9): error TS17004: Cannot use JSX unless the '--jsx' flag is provided.
src/components/knowledge-bank/KnowledgeBankContent.tsx(206,9): error TS17004: Cannot use JSX unless the '--jsx' flag is provided.
src/components/knowledge-bank/KnowledgeBankContent.tsx(208,11): error TS17004: Cannot use JSX unless the '--jsx' flag is provided.
src/components/knowledge-bank/KnowledgeBankContent.tsx(209,13): error TS17004: Cannot use JSX unless the '--jsx' flag is provided.
src/components/knowledge-bank/KnowledgeBankContent.tsx(211,15): error TS17004: Cannot use JSX unless the '--jsx' flag is provided.
src/components/knowledge-bank/KnowledgeBankContent.tsx(219,13): error TS17004: Cannot use JSX unless the '--jsx' flag is provided.
src/components/knowledge-bank/KnowledgeBankContent.tsx(220,15): error TS17004: Cannot use JSX unless the '--jsx' flag is provided.
src/components/knowledge-bank/KnowledgeBankContent.tsx(226,13): error TS17004: Cannot use JSX unless the '--jsx' flag is provided.
src/components/knowledge-bank/KnowledgeBankContent.tsx(227,15): error TS17004: Cannot use JSX unless the '--jsx' flag is provided.
src/components/knowledge-bank/KnowledgeBankContent.tsx(233,13): error TS17004: Cannot use JSX unless the '--jsx' flag is provided.
src/components/knowledge-bank/KnowledgeBankContent.tsx(235,13): error TS17004: Cannot use JSX unless the '--jsx' flag is provided.
src/components/videos/VideoSearch.tsx(4,23): error TS2307: Cannot find module '@/components/ui/input' or its corresponding type declarations.
src/components/videos/VideoSearch.tsx(5,24): error TS2307: Cannot find module '@/components/ui/button' or its corresponding type declarations.
src/components/videos/VideoSearch.tsx(63,5): error TS17004: Cannot use JSX unless the '--jsx' flag is provided.
src/components/videos/VideoSearch.tsx(64,7): error TS17004: Cannot use JSX unless the '--jsx' flag is provided.
src/components/videos/VideoSearch.tsx(65,7): error TS17004: Cannot use JSX unless the '--jsx' flag is provided.
src/components/videos/VideoSearch.tsx(73,9): error TS17004: Cannot use JSX unless the '--jsx' flag is provided.
src/components/videos/VideoSearch.tsx(80,11): error TS17004: Cannot use JSX unless the '--jsx' flag is provided.
src/hooks/useSearch.ts(2,35): error TS2307: Cannot find module '@/lib/search/types' or its corresponding type declarations.
src/hooks/useSearch.ts(3,34): error TS2307: Cannot find module '@/lib/search/aggregate' or its corresponding type declarations.
---
timestamp: "2026-02-13 16:25:57"
story: "1-url-filter-state"
chunk: "unknown"
tool: "Bash"
error: |
  Exit code 1

> gold-miner@0.1.0 lint
> eslint --max-warnings 0


/Users/darindrobinski/dev/repos/gold-miner/src/components/videos/VideoSearch.tsx
  26:7  error  Error: Cannot access refs during render

React refs are values that are not needed for rendering. Refs should only be accessed outside of render, such as in event handlers or effects. Accessing a ref value (the `current` property) during render can cause your component not to update as expected (https://react.dev/reference/react/useRef).

/Users/darindrobinski/dev/repos/gold-miner/src/components/videos/VideoSearch.tsx:26:7
  24 |   // Sync with external defaultValue changes (browser back/forward)
  25 |   // Uses render-time sync pattern instead of useEffect to avoid lint warnings
> 26 |   if (prevDefaultValue.current !== defaultValue) {
     |       ^^^^^^^^^^^^^^^^^^^^^^^^ Cannot access ref value during render
  27 |     prevDefaultValue.current = defaultValue;
  28 |     setValue(defaultValue || '');
  29 |   }  react-hooks/refs
  27:5  error  Error: Cannot access refs during render

React refs are values that are not needed for rendering. Refs should only be accessed outside of render, such as in event handlers or effects. Accessing a ref value (the `current` property) during render can cause your component not to update as expected (https://react.dev/reference/react/useRef).

/Users/darindrobinski/dev/repos/gold-miner/src/components/videos/VideoSearch.tsx:27:5
  25 |   // Uses render-time sync pattern instead of useEffect to avoid lint warnings
  26 |   if (prevDefaultValue.current !== defaultValue) {
> 27 |     prevDefaultValue.current = defaultValue;
     |     ^^^^^^^^^^^^^^^^^^^^^^^^ Cannot update ref during render
  28 |     setValue(defaultValue || '');
  29 |   }
  30 |                                                                              react-hooks/refs

âœ– 2 problems (2 errors, 0 warnings)
