---
timestamp: "2026-02-07 12:25:15"
story: "1-ui-enhancements"
chunk: "unknown"
tool: "Bash"
error: |
  Exit code 1

> gold-miner@0.1.0 test
> vitest run src/app/api/focus-areas/__tests__/route.test.ts


[1m[46m RUN [49m[22m [36mv4.0.18 [39m[90m/Users/darindrobinski/dev/repos/gold-miner[39m

 [31m‚ùØ[39m src/app/api/focus-areas/__tests__/route.test.ts [2m([22m[2m8 tests[22m[2m | [22m[31m8 failed[39m[2m)[22m[33m 322[2mms[22m[39m
[31m     [31m√ó[31m returns empty array when no focus areas exist[39m[32m 77[2mms[22m[39m
[31m     [31m√ó[31m returns all focus areas[39m[32m 42[2mms[22m[39m
[31m     [31m√ó[31m creates focus area with name only[39m[32m 56[2mms[22m[39m
[31m     [31m√ó[31m creates focus area with name and color[39m[32m 30[2mms[22m[39m
[31m     [31m√ó[31m returns 400 when name is missing[39m[32m 34[2mms[22m[39m
[31m     [31m√ó[31m returns 400 when name is empty string[39m[32m 28[2mms[22m[39m
[31m     [31m√ó[31m returns 409 when focus area name already exists[39m[32m 27[2mms[22m[39m
[31m     [31m√ó[31m trims whitespace from name[39m[32m 27[2mms[22m[39m

[31m‚éØ‚éØ‚éØ‚éØ‚éØ‚éØ‚éØ[39m[1m[41m Failed Tests 8 [49m[22m[31m‚éØ‚éØ‚éØ‚éØ‚éØ‚éØ‚éØ[39m

[41m[1m FAIL [22m[49m src/app/api/focus-areas/__tests__/route.test.ts[2m > [22mGET /api/focus-areas[2m > [22mreturns empty array when no focus areas exist
[41m[1m FAIL [22m[49m src/app/api/focus-areas/__tests__/route.test.ts[2m > [22mGET /api/focus-areas[2m > [22mreturns all focus areas
[31m[1merror[22m: relation "focus_areas" does not exist[39m
[90m [2m‚ùØ[22m node_modules/pg-pool/index.js:[2m45:11[22m[39m
[36m [2m‚ùØ[22m setupTestDb src/lib/db/__tests__/setup.ts:[2m21:3[22m[39m
    [90m 19| [39m
    [90m 20| [39m  [90m// Clean tables before each test[39m
    [90m 21| [39m  await pool.query('TRUNCATE videos, insights, channels, settings, chu‚Ä¶
    [90m   | [39m  [31m^[39m
    [90m 22| [39m
    [90m 23| [39m  [35mreturn[39m testDb[33m![39m[33m;[39m
[90m [2m‚ùØ[22m src/app/api/focus-areas/__tests__/route.test.ts:[2m9:5[22m[39m

[31m[2m‚éØ‚éØ‚éØ‚éØ‚éØ‚éØ‚éØ‚éØ‚éØ‚éØ‚éØ‚éØ‚éØ‚éØ‚éØ‚éØ‚éØ‚éØ‚éØ‚éØ‚éØ‚éØ‚éØ‚éØ[1/8]‚éØ[22m[39m

[41m[1m FAIL [22m[49m src/app/api/focus-areas/__tests__/route.test.ts[2m > [22mPOST /api/focus-areas[2m > [22mcreates focus area with name only
[41m[1m FAIL [22m[49m src/app/api/focus-areas/__tests__/route.test.ts[2m > [22mPOST /api/focus-areas[2m > [22mcreates focus area with name and color
[41m[1m FAIL [22m[49m src/app/api/focus-areas/__tests__/route.test.ts[2m > [22mPOST /api/focus-areas[2m > [22mreturns 400 when name is missing
[41m[1m FAIL [22m[49m src/app/api/focus-areas/__tests__/route.test.ts[2m > [22mPOST /api/focus-areas[2m > [22mreturns 400 when name is empty string
[41m[1m FAIL [22m[49m src/app/api/focus-areas/__tests__/route.test.ts[2m > [22mPOST /api/focus-areas[2m > [22mreturns 409 when focus area name already exists
[41m[1m FAIL [22m[49m src/app/api/focus-areas/__tests__/route.test.ts[2m > [22mPOST /api/focus-areas[2m > [22mtrims whitespace from name
[31m[1merror[22m: relation "focus_areas" does not exist[39m
[90m [2m‚ùØ[22m node_modules/pg-pool/index.js:[2m45:11[22m[39m
[36m [2m‚ùØ[22m setupTestDb src/lib/db/__tests__/setup.ts:[2m21:3[22m[39m
    [90m 19| [39m
    [90m 20| [39m  [90m// Clean tables before each test[39m
    [90m 21| [39m  await pool.query('TRUNCATE videos, insights, channels, settings, chu‚Ä¶
    [90m   | [39m  [31m^[39m
    [90m 22| [39m
    [90m 23| [39m  [35mreturn[39m testDb[33m![39m[33m;[39m
[90m [2m‚ùØ[22m src/app/api/focus-areas/__tests__/route.test.ts:[2m49:5[22m[39m

[31m[2m‚éØ‚éØ‚éØ‚éØ‚éØ‚éØ‚éØ‚éØ‚éØ‚éØ‚éØ‚éØ‚éØ‚éØ‚éØ‚éØ‚éØ‚éØ‚éØ‚éØ‚éØ‚éØ‚éØ‚éØ[2/8]‚éØ[22m[39m


[2m Test Files [22m [1m[31m1 failed[39m[22m[90m (1)[39m
[2m      Tests [22m [1m[31m8 failed[39m[22m[90m (8)[39m
[2m   Start at [22m 12:25:08
[2m   Duration [22m 7.04s[2m (transform 174ms, setup 430ms, import 1.67s, tests 322ms, environment 4.19s)[22m
---
timestamp: "2026-02-07 12:26:27"
story: "1-ui-enhancements"
chunk: "unknown"
tool: "Bash"
error: |
  Exit code 1

> gold-miner@0.1.0 test
> vitest run src/app/api/focus-areas/__tests__/route.test.ts


[1m[46m RUN [49m[22m [36mv4.0.18 [39m[90m/Users/darindrobinski/dev/repos/gold-miner[39m

 [31m‚ùØ[39m src/app/api/focus-areas/__tests__/route.test.ts [2m([22m[2m8 tests[22m[2m | [22m[31m2 failed[39m[2m)[22m[33m 1352[2mms[22m[39m
     [32m‚úì[39m returns empty array when no focus areas exist[32m 269[2mms[22m[39m
[31m     [31m√ó[31m returns all focus areas[39m[32m 197[2mms[22m[39m
     [32m‚úì[39m creates focus area with name only[32m 171[2mms[22m[39m
     [32m‚úì[39m creates focus area with name and color[32m 126[2mms[22m[39m
     [32m‚úì[39m returns 400 when name is missing[32m 129[2mms[22m[39m
     [32m‚úì[39m returns 400 when name is empty string[32m 127[2mms[22m[39m
     [32m‚úì[39m returns 409 when focus area name already exists[32m 197[2mms[22m[39m
[31m     [31m√ó[31m trims whitespace from name[39m[32m 134[2mms[22m[39m

[31m‚éØ‚éØ‚éØ‚éØ‚éØ‚éØ‚éØ[39m[1m[41m Failed Tests 2 [49m[22m[31m‚éØ‚éØ‚éØ‚éØ‚éØ‚éØ‚éØ[39m

[41m[1m FAIL [22m[49m src/app/api/focus-areas/__tests__/route.test.ts[2m > [22mGET /api/focus-areas[2m > [22mreturns all focus areas
[31m[1mAssertionError[22m: expected [] to have a length of 3 but got +0[39m

[32m- Expected[39m
[31m+ Received[39m

[32m- 3[39m
[31m+ 0[39m

[36m [2m‚ùØ[22m src/app/api/focus-areas/__tests__/route.test.ts:[2m40:29[22m[39m
    [90m 38| [39m
    [90m 39| [39m    [34mexpect[39m(response[33m.[39mstatus)[33m.[39m[34mtoBe[39m([34m200[39m)
    [90m 40| [39m    [34mexpect[39m(data[33m.[39mfocusAreas)[33m.[39m[34mtoHaveLength[39m([34m3[39m)
    [90m   | [39m                            [31m^[39m
    [90m 41| [39m    [34mexpect[39m(data[33m.[39mfocusAreas[[34m0[39m][33m.[39mname)[33m.[39m[34mtoBe[39m([32m'React'[39m)
    [90m 42| [39m    [34mexpect[39m(data[33m.[39mfocusAreas[[34m0[39m][33m.[39mcolor)[33m.[39m[34mtoBe[39m([32m'#61dafb'[39m)

[31m[2m‚éØ‚éØ‚éØ‚éØ‚éØ‚éØ‚éØ‚éØ‚éØ‚éØ‚éØ‚éØ‚éØ‚éØ‚éØ‚éØ‚éØ‚éØ‚éØ‚éØ‚éØ‚éØ‚éØ‚éØ[1/2]‚éØ[22m[39m

[41m[1m FAIL [22m[49m src/app/api/focus-areas/__tests__/route.test.ts[2m > [22mPOST /api/focus-areas[2m > [22mtrims whitespace from name
[31m[1mAssertionError[22m: expected 409 to be 201 // Object.is equality[39m

[32m- Expected[39m
[31m+ Received[39m

[32m- 201[39m
[31m+ 409[39m

[36m [2m‚ùØ[22m src/app/api/focus-areas/__tests__/route.test.ts:[2m143:29[22m[39m
    [90m141| [39m    [35mconst[39m data [33m=[39m [35mawait[39m response[33m.[39m[34mjson[39m()
    [90m142| [39m
    [90m143| [39m    [34mexpect[39m(response[33m.[39mstatus)[33m.[39m[34mtoBe[39m([34m201[39m)
    [90m   | [39m                            [31m^[39m
    [90m144| [39m    [34mexpect[39m(data[33m.[39mfocusArea[33m.[39mname)[33m.[39m[34mtoBe[39m([32m'React'[39m)
    [90m145| [39m  })

[31m[2m‚éØ‚éØ‚éØ‚éØ‚éØ‚éØ‚éØ‚éØ‚éØ‚éØ‚éØ‚éØ‚éØ‚éØ‚éØ‚éØ‚éØ‚éØ‚éØ‚éØ‚éØ‚éØ‚éØ‚éØ[2/2]‚éØ[22m[39m


[2m Test Files [22m [1m[31m1 failed[39m[22m[90m (1)[39m
[2m      Tests [22m [1m[31m2 failed[39m[22m[2m | [22m[1m[32m6 passed[39m[22m[90m (8)[39m
[2m   Start at [22m 12:26:20
[2m   Duration [22m 6.32s[2m (transform 243ms, setup 488ms, import 1.53s, tests 1.35s, environment 2.48s)[22m
---
timestamp: "2026-02-07 12:29:43"
story: "1-ui-enhancements"
chunk: "unknown"
tool: "Bash"
error: |
  Exit code 1
npm error Missing script: "typecheck"
npm error
npm error To see a list of scripts, run:
npm error   npm run
npm error A complete log of this run can be found in: /Users/darindrobinski/.npm/_logs/2026-02-07T18_29_42_896Z-debug-0.log
---
timestamp: "2026-02-07 12:44:42"
story: "1-ui-enhancements"
chunk: "unknown"
tool: "Bash"
error: |
  Exit code 1

[31m‚éØ‚éØ‚éØ‚éØ‚éØ‚éØ[39m[1m[41m Failed Suites 2 [49m[22m[31m‚éØ‚éØ‚éØ‚éØ‚éØ‚éØ‚éØ[39m

[41m[1m FAIL [22m[49m src/components/layout/__tests__/PageTitleContext.test.tsx[2m [ src/components/layout/__tests__/PageTitleContext.test.tsx ][22m
[31m[1mError[22m: Failed to resolve import "../PageTitleContext" from "src/components/layout/__tests__/PageTitleContext.test.tsx". Does the file exist?[39m
  Plugin: [35mvite:import-analysis[39m
  File: [36m/Users/darindrobinski/dev/repos/gold-miner/src/components/layout/__tests__/PageTitleContext.test.tsx[39m:3:48
[33m  2  |  import { describe, it, expect } from "vitest";
  3  |  import { render, screen, act } from "@testing-library/react";
  4  |  import { PageTitleProvider, usePageTitle } from "../PageTitleContext";
     |                                                   ^
  5  |  function TestConsumer() {
  6  |    const { title, backHref, backLabel } = usePageTitle();[39m
[90m [2m‚ùØ[22m TransformPluginContext._formatLog node_modules/vite/dist/node/chunks/config.js:[2m28999:43[22m[39m
[90m [2m‚ùØ[22m TransformPluginContext.error node_modules/vite/dist/node/chunks/config.js:[2m28996:14[22m[39m
[90m [2m‚ùØ[22m normalizeUrl node_modules/vite/dist/node/chunks/config.js:[2m27119:18[22m[39m
[90m [2m‚ùØ[22m node_modules/vite/dist/node/chunks/config.js:[2m27177:32[22m[39m
[90m [2m‚ùØ[22m TransformPluginContext.transform node_modules/vite/dist/node/chunks/config.js:[2m27145:4[22m[39m
[90m [2m‚ùØ[22m EnvironmentPluginContainer.transform node_modules/vite/dist/node/chunks/config.js:[2m28797:14[22m[39m
[90m [2m‚ùØ[22m loadAndTransform node_modules/vite/dist/node/chunks/config.js:[2m22670:26[22m[39m

[31m[2m‚éØ‚éØ‚éØ‚éØ‚éØ‚éØ‚éØ‚éØ‚éØ‚éØ‚éØ‚éØ‚éØ‚éØ‚éØ‚éØ‚éØ‚éØ‚éØ‚éØ‚éØ‚éØ‚éØ‚éØ[1/2]‚éØ[22m[39m

[41m[1m FAIL [22m[49m src/components/layout/__tests__/TopBar.test.tsx[2m [ src/components/layout/__tests__/TopBar.test.tsx ][22m
[31m[1mError[22m: Failed to resolve import "../TopBar" from "src/components/layout/__tests__/TopBar.test.tsx". Does the file exist?[39m
  Plugin: [35mvite:import-analysis[39m
  File: [36m/Users/darindrobinski/dev/repos/gold-miner/src/components/layout/__tests__/TopBar.test.tsx[39m:3:0
[33m  8  |  const __vi_import_0__ = await import("react/jsx-dev-runtime");
  9  |  const __vi_import_1__ = await import("@testing-library/react");
  10 |  const __vi_import_2__ = await import("../TopBar");
     |                                       ^
  11 |  const __vi_import_3__ = await import("../PageTitleContext");
  12 |  [39m
[90m [2m‚ùØ[22m TransformPluginContext._formatLog node_modules/vite/dist/node/chunks/config.js:[2m28999:43[22m[39m
[90m [2m‚ùØ[22m TransformPluginContext.error node_modules/vite/dist/node/chunks/config.js:[2m28996:14[22m[39m
[90m [2m‚ùØ[22m normalizeUrl node_modules/vite/dist/node/chunks/config.js:[2m27119:18[22m[39m
[90m [2m‚ùØ[22m node_modules/vite/dist/node/chunks/config.js:[2m27177:32[22m[39m
[90m [2m‚ùØ[22m TransformPluginContext.transform node_modules/vite/dist/node/chunks/config.js:[2m27145:4[22m[39m
[90m [2m‚ùØ[22m EnvironmentPluginContainer.transform node_modules/vite/dist/node/chunks/config.js:[2m28797:14[22m[39m
[90m [2m‚ùØ[22m loadAndTransform node_modules/vite/dist/node/chunks/config.js:[2m22670:26[22m[39m

[31m[2m‚éØ‚éØ‚éØ‚éØ‚éØ‚éØ‚éØ‚éØ‚éØ‚éØ‚éØ‚éØ‚éØ‚éØ‚éØ‚éØ‚éØ‚éØ‚éØ‚éØ‚éØ‚éØ‚éØ‚éØ[2/2]‚éØ[22m[39m



> gold-miner@0.1.0 test
> vitest run src/components/layout/__tests__/PageTitleContext.test.tsx src/components/layout/__tests__/TopBar.test.tsx


[1m[46m RUN [49m[22m [36mv4.0.18 [39m[90m/Users/darindrobinski/dev/repos/gold-miner[39m

 [31m‚ùØ[39m src/components/layout/__tests__/TopBar.test.tsx [2m([22m[2m0 test[22m[2m)[22m
 [31m‚ùØ[39m src/components/layout/__tests__/PageTitleContext.test.tsx [2m([22m[2m0 test[22m[2m)[22m

[2m Test Files [22m [1m[31m2 failed[39m[22m[90m (2)[39m
[2m      Tests [22m [2mno tests[22m
[2m   Start at [22m 12:44:39
[2m   Duration [22m 3.08s[2m (transform 36ms, setup 322ms, import 0ms, tests 0ms, environment 2.06s)[22m
---
timestamp: "2026-02-07 12:45:06"
story: "1-ui-enhancements"
chunk: "unknown"
tool: "Bash"
error: |
  Exit code 1
[90mstderr[2m | src/components/layout/__tests__/PageTitleContext.test.tsx[2m > [22m[2mPageTitleContext[2m > [22m[2mallows setting title without back link
[22m[39mCannot update a component (`PageTitleProvider`) while rendering a different component (`TestSetter`). To locate the bad setState() call inside `TestSetter`, follow the stack trace as described in https://react.dev/link/setstate-in-render

[90mstderr[2m | src/components/layout/__tests__/PageTitleContext.test.tsx[2m > [22m[2mPageTitleContext[2m > [22m[2mallows setting title without back link
[22m[39mA component suspended inside an `act` scope, but the `act` call was not awaited. When testing React components that depend on asynchronous data, you must await the result:

await act(() => ...)


[31m‚éØ‚éØ‚éØ‚éØ‚éØ‚éØ‚éØ[39m[1m[41m Failed Tests 3 [49m[22m[31m‚éØ‚éØ‚éØ‚éØ‚éØ‚éØ‚éØ[39m

[41m[1m FAIL [22m[49m src/components/layout/__tests__/PageTitleContext.test.tsx[2m > [22mPageTitleContext[2m > [22mallows setting title without back link
[31m[1mAssertionError[22m: expected 'no-title' to be 'Knowledge Bank' // Object.is equality[39m

Expected: [32m"[7mK[27mno[7mwledge Bank[27m"[39m
Received: [31m"no[7m-title[27m"[39m

[36m [2m‚ùØ[22m src/components/layout/__tests__/PageTitleContext.test.tsx:[2m51:53[22m[39m
    [90m 49| [39m    )
    [90m 50| [39m
    [90m 51| [39m    expect(screen.getByTestId('title').textContent).toBe('Knowledge Ba‚Ä¶
    [90m   | [39m                                                    [31m^[39m
    [90m 52| [39m    [34mexpect[39m(screen[33m.[39m[34mgetByTestId[39m([32m'back-href'[39m)[33m.[39mtextContent)[33m.[39m[34mtoBe[39m([32m'no-href'[39m)
    [90m 53| [39m    expect(screen.getByTestId('back-label').textContent).toBe('no-labe‚Ä¶

[31m[2m‚éØ‚éØ‚éØ‚éØ‚éØ‚éØ‚éØ‚éØ‚éØ‚éØ‚éØ‚éØ‚éØ‚éØ‚éØ‚éØ‚éØ‚éØ‚éØ‚éØ‚éØ‚éØ‚éØ‚éØ[1/3]‚éØ[22m[39m

[41m[1m FAIL [22m[49m src/components/layout/__tests__/PageTitleContext.test.tsx[2m > [22mPageTitleContext[2m > [22mallows setting title with back link
[31m[1mAssertionError[22m: expected 'no-title' to be 'Video Detail' // Object.is equality[39m

Expected: [32m"Video Detail"[39m
Received: [31m"no-title"[39m

[36m [2m‚ùØ[22m src/components/layout/__tests__/PageTitleContext.test.tsx:[2m64:53[22m[39m
    [90m 62| [39m    )
    [90m 63| [39m
    [90m 64| [39m    expect(screen.getByTestId('title').textContent).toBe('Video Detail‚Ä¶
    [90m   | [39m                                                    [31m^[39m
    [90m 65| [39m    [34mexpect[39m(screen[33m.[39m[34mgetByTestId[39m([32m'back-href'[39m)[33m.[39mtextContent)[33m.[39m[34mtoBe[39m([32m'/'[39m)
    [90m 66| [39m    expect(screen.getByTestId('back-label').textContent).toBe('Knowled‚Ä¶

[31m[2m‚éØ‚éØ‚éØ‚éØ‚éØ‚éØ‚éØ‚éØ‚éØ‚éØ‚éØ‚éØ‚éØ‚éØ‚éØ‚éØ‚éØ‚éØ‚éØ‚éØ‚éØ‚éØ‚éØ‚éØ[2/3]‚éØ[22m[39m

[41m[1m FAIL [22m[49m src/components/layout/__tests__/PageTitleContext.test.tsx[2m > [22mPageTitleContext[2m > [22mupdates title when setPageTitle is called again
[31m[1mAssertionError[22m: expected 'no-title' to be 'Old Title' // Object.is equality[39m

Expected: [32m"[7mOld T[27mitle"[39m
Received: [31m"[7mno-t[27mitle"[39m

[36m [2m‚ùØ[22m src/components/layout/__tests__/PageTitleContext.test.tsx:[2m88:53[22m[39m
    [90m 86| [39m    )
    [90m 87| [39m
    [90m 88| [39m    [34mexpect[39m(screen[33m.[39m[34mgetByTestId[39m([32m'title'[39m)[33m.[39mtextContent)[33m.[39m[34mtoBe[39m([32m'Old Title'[39m)
    [90m   | [39m                                                    [31m^[39m
    [90m 89| [39m
    [90m 90| [39m    [34mact[39m(() [33m=>[39m {

[31m[2m‚éØ‚éØ‚éØ‚éØ‚éØ‚éØ‚éØ‚éØ‚éØ‚éØ‚éØ‚éØ‚éØ‚éØ‚éØ‚éØ‚éØ‚éØ‚éØ‚éØ‚éØ‚éØ‚éØ‚éØ[3/3]‚éØ[22m[39m



> gold-miner@0.1.0 test
> vitest run src/components/layout/__tests__/PageTitleContext.test.tsx src/components/layout/__tests__/TopBar.test.tsx


[1m[46m RUN [49m[22m [36mv4.0.18 [39m[90m/Users/darindrobinski/dev/repos/gold-miner[39m

 [31m‚ùØ[39m src/components/layout/__tests__/PageTitleContext.test.tsx [2m([22m[2m5 tests[22m[2m | [22m[31m3 failed[39m[2m)[22m[32m 69[2mms[22m[39m
     [32m‚úì[39m provides default empty values[32m 33[2mms[22m[39m
[31m     [31m√ó[31m allows setting title without back link[39m[32m 15[2mms[22m[39m
[31m     [31m√ó[31m allows setting title with back link[39m[32m 5[2mms[22m[39m
[31m     [31m√ó[31m updates title when setPageTitle is called again[39m[32m 5[2mms[22m[39m
     [32m‚úì[39m throws error when usePageTitle is used outside provider[32m 8[2mms[22m[39m
 [32m‚úì[39m src/components/layout/__tests__/TopBar.test.tsx [2m([22m[2m9 tests[22m[2m)[22m[32m 262[2mms[22m[39m

[2m Test Files [22m [1m[31m1 failed[39m[22m[2m | [22m[1m[32m1 passed[39m[22m[90m (2)[39m
[2m      Tests [22m [1m[31m3 failed[39m[22m[2m | [22m[1m[32m11 passed[39m[22m[90m (14)[39m
[2m   Start at [22m 12:45:01
[2m   Duration [22m 4.43s[2m (transform 148ms, setup 317ms, import 943ms, tests 332ms, environment 2.15s)[22m
---
timestamp: "2026-02-07 12:46:44"
story: "1-ui-enhancements"
chunk: "unknown"
tool: "Bash"
error: |
  Exit code 1
npm error Missing script: "typecheck"
npm error
npm error To see a list of scripts, run:
npm error   npm run
npm error A complete log of this run can be found in: /Users/darindrobinski/.npm/_logs/2026-02-07T18_46_43_810Z-debug-0.log
